mode: set
github.com/OCAP2/web/cmd/ocap-webserver/main.go:23.13,24.49 1 0
github.com/OCAP2/web/cmd/ocap-webserver/main.go:24.49,25.49 1 0
github.com/OCAP2/web/cmd/ocap-webserver/main.go:25.49,27.4 1 0
github.com/OCAP2/web/cmd/ocap-webserver/main.go:28.3,28.9 1 0
github.com/OCAP2/web/cmd/ocap-webserver/main.go:31.2,31.30 1 0
github.com/OCAP2/web/cmd/ocap-webserver/main.go:31.30,33.3 1 0
github.com/OCAP2/web/cmd/ocap-webserver/main.go:36.38,46.20 9 0
github.com/OCAP2/web/cmd/ocap-webserver/main.go:46.20,56.3 9 0
github.com/OCAP2/web/cmd/ocap-webserver/main.go:58.2,58.39 1 0
github.com/OCAP2/web/cmd/ocap-webserver/main.go:58.39,60.3 1 0
github.com/OCAP2/web/cmd/ocap-webserver/main.go:62.2,63.16 2 0
github.com/OCAP2/web/cmd/ocap-webserver/main.go:63.16,65.3 1 0
github.com/OCAP2/web/cmd/ocap-webserver/main.go:67.2,68.16 2 0
github.com/OCAP2/web/cmd/ocap-webserver/main.go:68.16,70.3 1 0
github.com/OCAP2/web/cmd/ocap-webserver/main.go:72.2,78.9 4 0
github.com/OCAP2/web/cmd/ocap-webserver/main.go:79.15,80.41 1 0
github.com/OCAP2/web/cmd/ocap-webserver/main.go:82.24,83.17 1 0
github.com/OCAP2/web/cmd/ocap-webserver/main.go:83.17,85.4 1 0
github.com/OCAP2/web/cmd/ocap-webserver/main.go:86.3,86.74 1 0
github.com/OCAP2/web/cmd/ocap-webserver/main.go:86.74,88.4 1 0
github.com/OCAP2/web/cmd/ocap-webserver/main.go:89.3,90.41 2 0
github.com/OCAP2/web/cmd/ocap-webserver/main.go:92.24,93.93 1 0
github.com/OCAP2/web/cmd/ocap-webserver/main.go:95.12,96.69 1 0
github.com/OCAP2/web/cmd/ocap-webserver/main.go:98.10,100.13 2 0
github.com/OCAP2/web/cmd/ocap-webserver/main.go:104.82,106.16 2 0
github.com/OCAP2/web/cmd/ocap-webserver/main.go:106.16,108.3 1 0
github.com/OCAP2/web/cmd/ocap-webserver/main.go:110.2,113.25 3 0
github.com/OCAP2/web/cmd/ocap-webserver/main.go:113.25,115.21 2 0
github.com/OCAP2/web/cmd/ocap-webserver/main.go:115.21,117.4 1 0
github.com/OCAP2/web/cmd/ocap-webserver/main.go:118.3,119.55 1 0
github.com/OCAP2/web/cmd/ocap-webserver/main.go:122.2,122.12 1 0
github.com/OCAP2/web/cmd/ocap-webserver/main.go:125.139,128.49 2 0
github.com/OCAP2/web/cmd/ocap-webserver/main.go:128.49,130.3 1 0
github.com/OCAP2/web/cmd/ocap-webserver/main.go:133.2,133.75 1 0
github.com/OCAP2/web/cmd/ocap-webserver/main.go:133.75,145.68 3 0
github.com/OCAP2/web/cmd/ocap-webserver/main.go:145.68,147.4 1 0
github.com/OCAP2/web/cmd/ocap-webserver/main.go:148.3,149.13 2 0
github.com/OCAP2/web/cmd/ocap-webserver/main.go:153.2,157.16 4 0
github.com/OCAP2/web/cmd/ocap-webserver/main.go:157.16,159.3 1 0
github.com/OCAP2/web/cmd/ocap-webserver/main.go:161.2,161.67 1 0
github.com/OCAP2/web/cmd/ocap-webserver/main.go:161.67,163.3 1 0
github.com/OCAP2/web/cmd/ocap-webserver/main.go:165.2,166.12 2 0
github.com/OCAP2/web/cmd/ocap-webserver/main.go:169.129,171.16 2 0
github.com/OCAP2/web/cmd/ocap-webserver/main.go:171.16,173.3 1 0
github.com/OCAP2/web/cmd/ocap-webserver/main.go:175.2,175.26 1 0
github.com/OCAP2/web/cmd/ocap-webserver/main.go:175.26,178.3 2 0
github.com/OCAP2/web/cmd/ocap-webserver/main.go:180.2,191.32 3 0
github.com/OCAP2/web/cmd/ocap-webserver/main.go:191.32,193.68 2 0
github.com/OCAP2/web/cmd/ocap-webserver/main.go:193.68,197.4 2 0
github.com/OCAP2/web/cmd/ocap-webserver/main.go:201.2,202.40 2 0
github.com/OCAP2/web/cmd/ocap-webserver/main.go:205.18,207.16 2 0
github.com/OCAP2/web/cmd/ocap-webserver/main.go:207.16,209.3 1 0
github.com/OCAP2/web/cmd/ocap-webserver/main.go:212.2,214.20 3 0
github.com/OCAP2/web/cmd/ocap-webserver/main.go:214.20,216.17 2 0
github.com/OCAP2/web/cmd/ocap-webserver/main.go:216.17,218.4 1 0
github.com/OCAP2/web/cmd/ocap-webserver/main.go:219.3,220.46 2 0
github.com/OCAP2/web/cmd/ocap-webserver/main.go:224.2,227.16 3 0
github.com/OCAP2/web/cmd/ocap-webserver/main.go:227.16,229.3 1 0
github.com/OCAP2/web/cmd/ocap-webserver/main.go:231.2,232.16 2 0
github.com/OCAP2/web/cmd/ocap-webserver/main.go:232.16,234.3 1 0
github.com/OCAP2/web/cmd/ocap-webserver/main.go:236.2,237.16 2 0
github.com/OCAP2/web/cmd/ocap-webserver/main.go:237.16,239.3 1 0
github.com/OCAP2/web/cmd/ocap-webserver/main.go:241.2,255.32 8 0
github.com/OCAP2/web/cmd/ocap-webserver/main.go:255.32,257.17 2 0
github.com/OCAP2/web/cmd/ocap-webserver/main.go:257.17,260.4 2 0
github.com/OCAP2/web/cmd/ocap-webserver/main.go:262.3,278.23 3 0
github.com/OCAP2/web/cmd/ocap-webserver/main.go:281.2,284.12 2 0
github.com/OCAP2/web/cmd/ocap-webserver/main.go:284.12,290.3 5 0
github.com/OCAP2/web/cmd/ocap-webserver/main.go:292.2,293.16 2 0
github.com/OCAP2/web/cmd/ocap-webserver/main.go:293.16,295.3 1 0
github.com/OCAP2/web/cmd/ocap-webserver/main.go:297.2,297.12 1 0
github.com/OCAP2/web/cmd/ocap-webserver/main.go:305.101,307.16 2 0
github.com/OCAP2/web/cmd/ocap-webserver/main.go:307.16,309.3 1 0
github.com/OCAP2/web/cmd/ocap-webserver/main.go:310.2,311.25 2 0
github.com/OCAP2/web/cmd/ocap-webserver/main.go:311.25,316.3 1 0
github.com/OCAP2/web/cmd/ocap-webserver/main.go:317.2,317.20 1 0
github.com/OCAP2/web/cmd/ocap-webserver/main.go:320.98,322.2 1 0
github.com/OCAP2/web/cmd/ocap-webserver/main.go:324.95,326.2 1 0
github.com/OCAP2/web/cmd/ocap-webserver/main.go:328.100,330.2 1 0
github.com/OCAP2/web/cmd/ocap-webserver/main.go:332.96,334.2 1 0
github.com/OCAP2/web/cmd/ocap-webserver/main.go:336.106,338.16 2 0
github.com/OCAP2/web/cmd/ocap-webserver/main.go:338.16,340.3 1 0
github.com/OCAP2/web/cmd/ocap-webserver/main.go:341.2,342.25 2 0
github.com/OCAP2/web/cmd/ocap-webserver/main.go:342.25,344.3 1 0
github.com/OCAP2/web/cmd/ocap-webserver/main.go:345.2,345.20 1 0
github.com/OCAP2/web/cmd/ocap-webserver/main.go:348.110,350.2 1 0
github.com/OCAP2/web/internal/conversion/worker.go:54.29,60.2 1 1
github.com/OCAP2/web/internal/conversion/worker.go:63.56,64.23 1 1
github.com/OCAP2/web/internal/conversion/worker.go:64.23,66.3 1 1
github.com/OCAP2/web/internal/conversion/worker.go:67.2,67.24 1 1
github.com/OCAP2/web/internal/conversion/worker.go:67.24,69.3 1 1
github.com/OCAP2/web/internal/conversion/worker.go:70.2,70.29 1 1
github.com/OCAP2/web/internal/conversion/worker.go:70.29,72.3 1 1
github.com/OCAP2/web/internal/conversion/worker.go:74.2,82.3 1 1
github.com/OCAP2/web/internal/conversion/worker.go:87.58,90.16 2 1
github.com/OCAP2/web/internal/conversion/worker.go:90.16,92.3 1 1
github.com/OCAP2/web/internal/conversion/worker.go:92.8,93.26 1 1
github.com/OCAP2/web/internal/conversion/worker.go:93.26,96.74 2 1
github.com/OCAP2/web/internal/conversion/worker.go:96.74,98.5 1 0
github.com/OCAP2/web/internal/conversion/worker.go:98.10,98.25 1 1
github.com/OCAP2/web/internal/conversion/worker.go:98.25,100.5 1 1
github.com/OCAP2/web/internal/conversion/worker.go:102.3,102.91 1 1
github.com/OCAP2/web/internal/conversion/worker.go:102.91,104.4 1 1
github.com/OCAP2/web/internal/conversion/worker.go:104.9,104.23 1 1
github.com/OCAP2/web/internal/conversion/worker.go:104.23,106.4 1 1
github.com/OCAP2/web/internal/conversion/worker.go:110.2,110.19 1 1
github.com/OCAP2/web/internal/conversion/worker.go:110.19,111.87 1 1
github.com/OCAP2/web/internal/conversion/worker.go:111.87,113.4 1 1
github.com/OCAP2/web/internal/conversion/worker.go:113.9,113.23 1 1
github.com/OCAP2/web/internal/conversion/worker.go:113.23,115.4 1 1
github.com/OCAP2/web/internal/conversion/worker.go:120.45,132.6 6 1
github.com/OCAP2/web/internal/conversion/worker.go:132.6,133.10 1 1
github.com/OCAP2/web/internal/conversion/worker.go:134.21,136.10 2 1
github.com/OCAP2/web/internal/conversion/worker.go:137.19,138.22 1 1
github.com/OCAP2/web/internal/conversion/worker.go:144.51,146.16 2 1
github.com/OCAP2/web/internal/conversion/worker.go:146.16,149.3 2 1
github.com/OCAP2/web/internal/conversion/worker.go:151.2,151.25 1 1
github.com/OCAP2/web/internal/conversion/worker.go:151.25,152.10 1 1
github.com/OCAP2/web/internal/conversion/worker.go:153.21,154.10 1 1
github.com/OCAP2/web/internal/conversion/worker.go:155.11,155.11 0 1
github.com/OCAP2/web/internal/conversion/worker.go:158.3,158.53 1 1
github.com/OCAP2/web/internal/conversion/worker.go:158.53,160.78 2 1
github.com/OCAP2/web/internal/conversion/worker.go:160.78,162.5 1 1
github.com/OCAP2/web/internal/conversion/worker.go:168.76,172.80 2 1
github.com/OCAP2/web/internal/conversion/worker.go:172.80,174.3 1 1
github.com/OCAP2/web/internal/conversion/worker.go:177.2,181.53 3 1
github.com/OCAP2/web/internal/conversion/worker.go:181.53,183.3 1 1
github.com/OCAP2/web/internal/conversion/worker.go:186.2,187.16 2 1
github.com/OCAP2/web/internal/conversion/worker.go:187.16,189.3 1 1
github.com/OCAP2/web/internal/conversion/worker.go:192.2,192.66 1 1
github.com/OCAP2/web/internal/conversion/worker.go:192.66,194.3 1 0
github.com/OCAP2/web/internal/conversion/worker.go:197.2,198.16 2 1
github.com/OCAP2/web/internal/conversion/worker.go:198.16,200.3 1 1
github.com/OCAP2/web/internal/conversion/worker.go:200.8,203.83 2 0
github.com/OCAP2/web/internal/conversion/worker.go:203.83,205.4 1 0
github.com/OCAP2/web/internal/conversion/worker.go:209.2,209.80 1 1
github.com/OCAP2/web/internal/conversion/worker.go:209.80,211.3 1 1
github.com/OCAP2/web/internal/conversion/worker.go:212.2,212.79 1 1
github.com/OCAP2/web/internal/conversion/worker.go:212.79,214.3 1 1
github.com/OCAP2/web/internal/conversion/worker.go:216.2,217.12 2 1
github.com/OCAP2/web/internal/conversion/worker.go:221.83,223.2 1 1
github.com/OCAP2/web/internal/conversion/worker.go:228.63,229.12 1 1
github.com/OCAP2/web/internal/conversion/worker.go:229.12,231.88 2 1
github.com/OCAP2/web/internal/conversion/worker.go:231.88,233.75 2 1
github.com/OCAP2/web/internal/conversion/worker.go:233.75,235.5 1 1
github.com/OCAP2/web/internal/server/ammo.go:15.50,21.46 2 0
github.com/OCAP2/web/internal/server/ammo.go:21.46,23.3 1 0
github.com/OCAP2/web/internal/server/ammo.go:25.2,25.15 1 0
github.com/OCAP2/web/internal/server/ammo.go:28.78,34.9 5 0
github.com/OCAP2/web/internal/server/ammo.go:34.9,36.3 1 0
github.com/OCAP2/web/internal/server/ammo.go:38.2,38.19 1 0
github.com/OCAP2/web/internal/server/handler.go:53.69,54.26 1 0
github.com/OCAP2/web/internal/server/handler.go:54.26,56.3 1 0
github.com/OCAP2/web/internal/server/handler.go:66.3,80.27 5 0
github.com/OCAP2/web/internal/server/handler.go:80.27,82.3 1 0
github.com/OCAP2/web/internal/server/handler.go:84.2,157.3 18 0
github.com/OCAP2/web/internal/server/handler.go:160.74,162.28 2 0
github.com/OCAP2/web/internal/server/handler.go:162.28,164.3 1 0
github.com/OCAP2/web/internal/server/handler.go:164.8,166.3 1 0
github.com/OCAP2/web/internal/server/handler.go:167.2,167.54 1 0
github.com/OCAP2/web/internal/server/handler.go:167.54,168.37 1 0
github.com/OCAP2/web/internal/server/handler.go:168.37,171.4 2 0
github.com/OCAP2/web/internal/server/handler.go:175.72,176.36 1 0
github.com/OCAP2/web/internal/server/handler.go:176.36,178.17 2 0
github.com/OCAP2/web/internal/server/handler.go:178.17,179.16 1 0
github.com/OCAP2/web/internal/server/handler.go:180.37,181.44 1 0
github.com/OCAP2/web/internal/server/handler.go:182.12,183.15 1 0
github.com/OCAP2/web/internal/server/handler.go:186.3,186.13 1 0
github.com/OCAP2/web/internal/server/handler.go:190.55,196.40 2 0
github.com/OCAP2/web/internal/server/handler.go:196.40,198.3 1 0
github.com/OCAP2/web/internal/server/handler.go:200.2,201.16 2 0
github.com/OCAP2/web/internal/server/handler.go:201.16,203.3 1 0
github.com/OCAP2/web/internal/server/handler.go:205.2,205.47 1 0
github.com/OCAP2/web/internal/server/handler.go:208.54,210.2 1 0
github.com/OCAP2/web/internal/server/handler.go:212.52,222.2 1 0
github.com/OCAP2/web/internal/server/handler.go:224.54,226.2 1 0
github.com/OCAP2/web/internal/server/handler.go:228.60,232.16 3 0
github.com/OCAP2/web/internal/server/handler.go:232.16,234.3 1 0
github.com/OCAP2/web/internal/server/handler.go:237.2,238.18 2 0
github.com/OCAP2/web/internal/server/handler.go:238.18,240.3 1 0
github.com/OCAP2/web/internal/server/handler.go:242.2,243.16 2 0
github.com/OCAP2/web/internal/server/handler.go:243.16,247.3 2 0
github.com/OCAP2/web/internal/server/handler.go:249.2,253.24 3 0
github.com/OCAP2/web/internal/server/handler.go:253.24,255.3 1 0
github.com/OCAP2/web/internal/server/handler.go:257.2,262.4 1 0
github.com/OCAP2/web/internal/server/handler.go:265.62,269.16 3 0
github.com/OCAP2/web/internal/server/handler.go:269.16,271.3 1 0
github.com/OCAP2/web/internal/server/handler.go:274.2,275.18 2 0
github.com/OCAP2/web/internal/server/handler.go:275.18,277.3 1 0
github.com/OCAP2/web/internal/server/handler.go:279.2,280.16 2 0
github.com/OCAP2/web/internal/server/handler.go:280.16,284.3 2 0
github.com/OCAP2/web/internal/server/handler.go:287.2,287.53 1 0
github.com/OCAP2/web/internal/server/handler.go:287.53,289.17 2 0
github.com/OCAP2/web/internal/server/handler.go:289.17,291.4 1 0
github.com/OCAP2/web/internal/server/handler.go:292.3,295.30 3 0
github.com/OCAP2/web/internal/server/handler.go:295.30,297.4 1 0
github.com/OCAP2/web/internal/server/handler.go:298.3,298.54 1 0
github.com/OCAP2/web/internal/server/handler.go:302.2,303.16 2 0
github.com/OCAP2/web/internal/server/handler.go:303.16,305.3 1 0
github.com/OCAP2/web/internal/server/handler.go:306.2,306.40 1 0
github.com/OCAP2/web/internal/server/handler.go:309.59,315.16 4 0
github.com/OCAP2/web/internal/server/handler.go:315.16,317.3 1 0
github.com/OCAP2/web/internal/server/handler.go:320.2,321.16 2 0
github.com/OCAP2/web/internal/server/handler.go:321.16,323.3 1 0
github.com/OCAP2/web/internal/server/handler.go:326.2,327.18 2 0
github.com/OCAP2/web/internal/server/handler.go:327.18,329.3 1 0
github.com/OCAP2/web/internal/server/handler.go:332.2,333.16 2 0
github.com/OCAP2/web/internal/server/handler.go:333.16,336.3 1 0
github.com/OCAP2/web/internal/server/handler.go:339.2,340.16 2 0
github.com/OCAP2/web/internal/server/handler.go:340.16,342.3 1 0
github.com/OCAP2/web/internal/server/handler.go:343.2,347.29 3 0
github.com/OCAP2/web/internal/server/handler.go:347.29,349.3 1 0
github.com/OCAP2/web/internal/server/handler.go:351.2,351.53 1 0
github.com/OCAP2/web/internal/server/handler.go:354.56,361.32 2 0
github.com/OCAP2/web/internal/server/handler.go:361.32,363.3 1 0
github.com/OCAP2/web/internal/server/handler.go:365.2,376.16 4 0
github.com/OCAP2/web/internal/server/handler.go:376.16,378.3 1 0
github.com/OCAP2/web/internal/server/handler.go:380.2,380.55 1 0
github.com/OCAP2/web/internal/server/handler.go:380.55,382.3 1 0
github.com/OCAP2/web/internal/server/handler.go:384.2,385.16 2 0
github.com/OCAP2/web/internal/server/handler.go:385.16,387.3 1 0
github.com/OCAP2/web/internal/server/handler.go:388.2,389.16 2 0
github.com/OCAP2/web/internal/server/handler.go:389.16,391.3 1 0
github.com/OCAP2/web/internal/server/handler.go:392.2,395.16 3 0
github.com/OCAP2/web/internal/server/handler.go:395.16,397.3 1 0
github.com/OCAP2/web/internal/server/handler.go:399.2,399.48 1 0
github.com/OCAP2/web/internal/server/handler.go:399.48,401.3 1 0
github.com/OCAP2/web/internal/server/handler.go:404.2,404.32 1 0
github.com/OCAP2/web/internal/server/handler.go:404.32,406.3 1 0
github.com/OCAP2/web/internal/server/handler.go:408.2,408.35 1 0
github.com/OCAP2/web/internal/server/handler.go:411.52,413.16 2 0
github.com/OCAP2/web/internal/server/handler.go:413.16,415.3 1 0
github.com/OCAP2/web/internal/server/handler.go:417.2,422.22 4 0
github.com/OCAP2/web/internal/server/handler.go:425.56,427.16 2 0
github.com/OCAP2/web/internal/server/handler.go:427.16,429.3 1 0
github.com/OCAP2/web/internal/server/handler.go:431.2,435.72 3 0
github.com/OCAP2/web/internal/server/handler.go:438.51,445.16 3 0
github.com/OCAP2/web/internal/server/handler.go:445.16,447.3 1 0
github.com/OCAP2/web/internal/server/handler.go:450.2,451.15 2 0
github.com/OCAP2/web/internal/server/handler.go:451.15,453.3 1 0
github.com/OCAP2/web/internal/server/handler.go:455.2,456.16 2 0
github.com/OCAP2/web/internal/server/handler.go:456.16,458.3 1 0
github.com/OCAP2/web/internal/server/handler.go:460.2,460.41 1 0
github.com/OCAP2/web/internal/server/handler.go:463.53,465.16 2 0
github.com/OCAP2/web/internal/server/handler.go:465.16,467.3 1 0
github.com/OCAP2/web/internal/server/handler.go:469.2,471.29 2 0
github.com/OCAP2/web/internal/server/handler.go:474.51,476.16 2 0
github.com/OCAP2/web/internal/server/handler.go:476.16,478.3 1 0
github.com/OCAP2/web/internal/server/handler.go:480.2,482.29 2 0
github.com/OCAP2/web/internal/server/handler.go:485.49,492.16 3 0
github.com/OCAP2/web/internal/server/handler.go:492.16,494.3 1 0
github.com/OCAP2/web/internal/server/handler.go:497.2,498.15 2 0
github.com/OCAP2/web/internal/server/handler.go:498.15,500.3 1 0
github.com/OCAP2/web/internal/server/handler.go:504.2,507.16 3 0
github.com/OCAP2/web/internal/server/handler.go:507.16,509.3 1 0
github.com/OCAP2/web/internal/server/handler.go:511.2,511.22 1 0
github.com/OCAP2/web/internal/server/handler.go:514.62,516.16 2 0
github.com/OCAP2/web/internal/server/handler.go:516.16,518.3 1 0
github.com/OCAP2/web/internal/server/handler.go:520.2,521.30 2 0
github.com/OCAP2/web/internal/server/handler.go:521.30,523.3 1 0
github.com/OCAP2/web/internal/server/handler.go:525.2,525.23 1 0
github.com/OCAP2/web/internal/server/marker.go:25.54,31.49 2 0
github.com/OCAP2/web/internal/server/marker.go:31.49,33.3 1 0
github.com/OCAP2/web/internal/server/marker.go:35.2,35.51 1 0
github.com/OCAP2/web/internal/server/marker.go:35.51,37.3 1 0
github.com/OCAP2/web/internal/server/marker.go:39.2,39.15 1 0
github.com/OCAP2/web/internal/server/marker.go:42.95,47.9 5 0
github.com/OCAP2/web/internal/server/marker.go:47.9,49.3 1 0
github.com/OCAP2/web/internal/server/marker.go:51.2,52.16 2 0
github.com/OCAP2/web/internal/server/marker.go:52.16,54.3 1 0
github.com/OCAP2/web/internal/server/marker.go:56.2,56.25 1 0
github.com/OCAP2/web/internal/server/marker.go:57.14,59.29 2 0
github.com/OCAP2/web/internal/server/marker.go:60.14,62.33 2 0
github.com/OCAP2/web/internal/server/marker.go:63.10,64.30 1 0
github.com/OCAP2/web/internal/server/marker.go:68.63,70.16 2 0
github.com/OCAP2/web/internal/server/marker.go:70.16,72.3 1 0
github.com/OCAP2/web/internal/server/marker.go:73.2,76.16 3 0
github.com/OCAP2/web/internal/server/marker.go:76.16,78.3 1 0
github.com/OCAP2/web/internal/server/marker.go:80.2,84.30 4 0
github.com/OCAP2/web/internal/server/marker.go:84.30,85.31 1 0
github.com/OCAP2/web/internal/server/marker.go:85.31,103.4 9 0
github.com/OCAP2/web/internal/server/marker.go:106.2,107.43 2 0
github.com/OCAP2/web/internal/server/marker.go:107.43,109.3 1 0
github.com/OCAP2/web/internal/server/marker.go:111.2,111.15 1 0
github.com/OCAP2/web/internal/server/marker.go:114.63,116.16 2 0
github.com/OCAP2/web/internal/server/marker.go:116.16,118.3 1 0
github.com/OCAP2/web/internal/server/marker.go:120.2,121.16 2 0
github.com/OCAP2/web/internal/server/marker.go:121.16,123.3 1 0
github.com/OCAP2/web/internal/server/marker.go:125.2,135.44 4 0
github.com/OCAP2/web/internal/server/marker.go:135.44,137.3 1 0
github.com/OCAP2/web/internal/server/marker.go:139.2,139.15 1 0
github.com/OCAP2/web/internal/server/marker.go:142.68,150.22 2 0
github.com/OCAP2/web/internal/server/marker.go:150.22,152.17 2 0
github.com/OCAP2/web/internal/server/marker.go:152.17,154.4 1 0
github.com/OCAP2/web/internal/server/marker.go:158.2,158.22 1 0
github.com/OCAP2/web/internal/server/marker.go:158.22,160.17 2 0
github.com/OCAP2/web/internal/server/marker.go:160.17,165.4 4 0
github.com/OCAP2/web/internal/server/marker.go:168.2,168.33 1 0
github.com/OCAP2/web/internal/server/marker.go:169.16,170.36 1 0
github.com/OCAP2/web/internal/server/marker.go:171.13,172.33 1 0
github.com/OCAP2/web/internal/server/marker.go:173.14,174.31 1 0
github.com/OCAP2/web/internal/server/marker.go:175.17,176.29 1 0
github.com/OCAP2/web/internal/server/marker.go:177.15,178.31 1 0
github.com/OCAP2/web/internal/server/marker.go:179.14,180.37 1 0
github.com/OCAP2/web/internal/server/marker.go:181.13,182.33 1 0
github.com/OCAP2/web/internal/server/marker.go:183.15,184.34 1 0
github.com/OCAP2/web/internal/server/marker.go:185.16,186.35 1 0
github.com/OCAP2/web/internal/server/marker.go:187.16,188.35 1 0
github.com/OCAP2/web/internal/server/marker.go:189.15,190.37 1 0
github.com/OCAP2/web/internal/server/marker.go:191.15,192.33 1 0
github.com/OCAP2/web/internal/server/marker.go:193.14,194.33 1 0
github.com/OCAP2/web/internal/server/marker.go:195.14,196.36 1 0
github.com/OCAP2/web/internal/server/marker.go:197.15,198.37 1 0
github.com/OCAP2/web/internal/server/marker.go:199.17,200.35 1 0
github.com/OCAP2/web/internal/server/marker.go:201.24,202.34 1 0
github.com/OCAP2/web/internal/server/marker.go:203.23,204.33 1 0
github.com/OCAP2/web/internal/server/marker.go:205.36,206.33 1 0
github.com/OCAP2/web/internal/server/marker.go:207.25,208.35 1 0
github.com/OCAP2/web/internal/server/marker.go:209.21,210.36 1 0
github.com/OCAP2/web/internal/server/marker.go:211.10,212.24 1 0
github.com/OCAP2/web/internal/server/marker.go:215.2,215.15 1 0
github.com/OCAP2/web/internal/server/marker.go:218.57,220.16 2 0
github.com/OCAP2/web/internal/server/marker.go:220.16,222.3 1 0
github.com/OCAP2/web/internal/server/marker.go:224.2,224.27 1 0
github.com/OCAP2/web/internal/server/marker.go:224.27,226.16 2 0
github.com/OCAP2/web/internal/server/marker.go:226.16,228.18 2 0
github.com/OCAP2/web/internal/server/marker.go:228.18,230.5 1 0
github.com/OCAP2/web/internal/server/marker.go:233.3,234.16 2 0
github.com/OCAP2/web/internal/server/marker.go:234.16,235.12 1 0
github.com/OCAP2/web/internal/server/marker.go:238.3,240.41 2 0
github.com/OCAP2/web/internal/server/marker.go:243.2,243.12 1 0
github.com/OCAP2/web/internal/server/marker.go:246.34,247.11 1 0
github.com/OCAP2/web/internal/server/marker.go:247.11,249.3 1 0
github.com/OCAP2/web/internal/server/marker.go:250.2,250.10 1 0
github.com/OCAP2/web/internal/server/operation.go:36.62,38.16 2 0
github.com/OCAP2/web/internal/server/operation.go:38.16,40.3 1 0
github.com/OCAP2/web/internal/server/operation.go:42.2,46.38 2 0
github.com/OCAP2/web/internal/server/operation.go:46.38,48.3 1 0
github.com/OCAP2/web/internal/server/operation.go:50.2,50.15 1 0
github.com/OCAP2/web/internal/server/operation.go:53.49,70.16 2 0
github.com/OCAP2/web/internal/server/operation.go:70.16,72.3 1 0
github.com/OCAP2/web/internal/server/operation.go:74.2,76.35 3 0
github.com/OCAP2/web/internal/server/operation.go:76.35,78.3 1 0
github.com/OCAP2/web/internal/server/operation.go:78.8,78.23 1 0
github.com/OCAP2/web/internal/server/operation.go:78.23,80.3 1 0
github.com/OCAP2/web/internal/server/operation.go:82.2,82.17 1 0
github.com/OCAP2/web/internal/server/operation.go:82.17,87.17 2 0
github.com/OCAP2/web/internal/server/operation.go:87.17,89.4 1 0
github.com/OCAP2/web/internal/server/operation.go:91.3,92.17 2 0
github.com/OCAP2/web/internal/server/operation.go:92.17,94.4 1 0
github.com/OCAP2/web/internal/server/operation.go:97.2,97.17 1 0
github.com/OCAP2/web/internal/server/operation.go:97.17,101.17 2 0
github.com/OCAP2/web/internal/server/operation.go:101.17,103.4 1 0
github.com/OCAP2/web/internal/server/operation.go:105.3,106.17 2 0
github.com/OCAP2/web/internal/server/operation.go:106.17,108.4 1 0
github.com/OCAP2/web/internal/server/operation.go:111.2,111.17 1 0
github.com/OCAP2/web/internal/server/operation.go:111.17,113.17 2 0
github.com/OCAP2/web/internal/server/operation.go:113.17,115.4 1 0
github.com/OCAP2/web/internal/server/operation.go:117.3,118.17 2 0
github.com/OCAP2/web/internal/server/operation.go:118.17,120.4 1 0
github.com/OCAP2/web/internal/server/operation.go:122.3,123.17 2 0
github.com/OCAP2/web/internal/server/operation.go:123.17,125.4 1 0
github.com/OCAP2/web/internal/server/operation.go:128.2,128.17 1 0
github.com/OCAP2/web/internal/server/operation.go:128.17,130.17 2 0
github.com/OCAP2/web/internal/server/operation.go:130.17,132.4 1 0
github.com/OCAP2/web/internal/server/operation.go:134.3,135.17 2 0
github.com/OCAP2/web/internal/server/operation.go:135.17,137.4 1 0
github.com/OCAP2/web/internal/server/operation.go:140.2,140.12 1 0
github.com/OCAP2/web/internal/server/operation.go:143.73,147.16 2 0
github.com/OCAP2/web/internal/server/operation.go:147.16,149.3 1 0
github.com/OCAP2/web/internal/server/operation.go:150.2,156.18 3 0
github.com/OCAP2/web/internal/server/operation.go:156.18,159.3 2 0
github.com/OCAP2/web/internal/server/operation.go:160.2,160.35 1 0
github.com/OCAP2/web/internal/server/operation.go:160.35,162.3 1 0
github.com/OCAP2/web/internal/server/operation.go:164.2,164.18 1 0
github.com/OCAP2/web/internal/server/operation.go:167.80,169.25 2 0
github.com/OCAP2/web/internal/server/operation.go:169.25,171.3 1 0
github.com/OCAP2/web/internal/server/operation.go:172.2,173.28 2 0
github.com/OCAP2/web/internal/server/operation.go:173.28,175.3 1 0
github.com/OCAP2/web/internal/server/operation.go:176.2,177.24 2 0
github.com/OCAP2/web/internal/server/operation.go:177.24,179.3 1 0
github.com/OCAP2/web/internal/server/operation.go:181.2,200.16 3 0
github.com/OCAP2/web/internal/server/operation.go:200.16,202.3 1 0
github.com/OCAP2/web/internal/server/operation.go:205.2,206.16 2 0
github.com/OCAP2/web/internal/server/operation.go:206.16,208.3 1 0
github.com/OCAP2/web/internal/server/operation.go:209.2,211.12 2 0
github.com/OCAP2/web/internal/server/operation.go:214.89,217.17 2 0
github.com/OCAP2/web/internal/server/operation.go:217.17,219.3 1 0
github.com/OCAP2/web/internal/server/operation.go:220.2,221.17 2 0
github.com/OCAP2/web/internal/server/operation.go:221.17,223.3 1 0
github.com/OCAP2/web/internal/server/operation.go:225.2,244.16 3 0
github.com/OCAP2/web/internal/server/operation.go:244.16,246.3 1 0
github.com/OCAP2/web/internal/server/operation.go:247.2,249.26 2 0
github.com/OCAP2/web/internal/server/operation.go:252.86,257.18 2 0
github.com/OCAP2/web/internal/server/operation.go:257.18,270.17 2 0
github.com/OCAP2/web/internal/server/operation.go:270.17,272.4 1 0
github.com/OCAP2/web/internal/server/operation.go:273.3,273.23 1 0
github.com/OCAP2/web/internal/server/operation.go:275.2,275.17 1 0
github.com/OCAP2/web/internal/server/operation.go:279.85,287.16 4 0
github.com/OCAP2/web/internal/server/operation.go:287.16,289.3 1 0
github.com/OCAP2/web/internal/server/operation.go:290.2,290.17 1 0
github.com/OCAP2/web/internal/server/operation.go:294.97,302.16 4 0
github.com/OCAP2/web/internal/server/operation.go:302.16,304.3 1 0
github.com/OCAP2/web/internal/server/operation.go:305.2,305.17 1 0
github.com/OCAP2/web/internal/server/operation.go:309.92,316.16 2 0
github.com/OCAP2/web/internal/server/operation.go:316.16,318.3 1 0
github.com/OCAP2/web/internal/server/operation.go:319.2,321.26 2 0
github.com/OCAP2/web/internal/server/operation.go:325.77,330.16 2 0
github.com/OCAP2/web/internal/server/operation.go:330.16,332.3 1 0
github.com/OCAP2/web/internal/server/operation.go:333.2,335.26 2 0
github.com/OCAP2/web/internal/server/operation.go:339.97,345.16 2 0
github.com/OCAP2/web/internal/server/operation.go:345.16,347.3 1 0
github.com/OCAP2/web/internal/server/operation.go:348.2,350.26 2 0
github.com/OCAP2/web/internal/server/operation.go:354.112,357.16 2 0
github.com/OCAP2/web/internal/server/operation.go:357.16,359.3 1 0
github.com/OCAP2/web/internal/server/operation.go:360.2,360.30 1 0
github.com/OCAP2/web/internal/server/operation.go:364.100,368.2 2 0
github.com/OCAP2/web/internal/server/operation.go:371.97,375.2 2 0
github.com/OCAP2/web/internal/server/operation.go:378.98,382.2 2 0
github.com/OCAP2/web/internal/server/operation.go:385.102,389.2 2 0
github.com/OCAP2/web/internal/server/setting.go:42.48,75.30 28 0
github.com/OCAP2/web/internal/server/setting.go:75.30,77.48 2 0
github.com/OCAP2/web/internal/server/setting.go:77.48,79.4 1 0
github.com/OCAP2/web/internal/server/setting.go:82.2,82.44 1 0
github.com/OCAP2/web/internal/server/setting.go:82.44,84.3 1 0
github.com/OCAP2/web/internal/server/setting.go:86.2,86.49 1 0
github.com/OCAP2/web/internal/server/setting.go:86.49,88.3 1 0
github.com/OCAP2/web/internal/server/setting.go:90.2,90.55 1 0
github.com/OCAP2/web/internal/server/setting.go:90.55,92.3 1 0
github.com/OCAP2/web/internal/server/setting.go:94.2,94.61 1 0
github.com/OCAP2/web/internal/server/setting.go:94.61,96.3 1 0
github.com/OCAP2/web/internal/server/setting.go:98.2,98.8 1 0
github.com/OCAP2/web/internal/storage/converter.go:24.48,25.20 1 1
github.com/OCAP2/web/internal/storage/converter.go:25.20,27.3 1 1
github.com/OCAP2/web/internal/storage/converter.go:28.2,28.41 1 1
github.com/OCAP2/web/internal/storage/converter.go:33.100,36.16 2 1
github.com/OCAP2/web/internal/storage/converter.go:36.16,38.3 1 0
github.com/OCAP2/web/internal/storage/converter.go:41.2,42.45 2 1
github.com/OCAP2/web/internal/storage/converter.go:42.45,44.3 1 0
github.com/OCAP2/web/internal/storage/converter.go:46.2,47.16 2 1
github.com/OCAP2/web/internal/storage/converter.go:47.16,49.3 1 0
github.com/OCAP2/web/internal/storage/converter.go:52.2,53.16 2 1
github.com/OCAP2/web/internal/storage/converter.go:53.16,55.3 1 0
github.com/OCAP2/web/internal/storage/converter.go:58.2,60.16 3 1
github.com/OCAP2/web/internal/storage/converter.go:60.16,62.3 1 0
github.com/OCAP2/web/internal/storage/converter.go:65.2,65.54 1 1
github.com/OCAP2/web/internal/storage/converter.go:65.54,67.3 1 0
github.com/OCAP2/web/internal/storage/converter.go:70.2,70.70 1 1
github.com/OCAP2/web/internal/storage/converter.go:70.70,72.3 1 0
github.com/OCAP2/web/internal/storage/converter.go:74.2,74.68 1 1
github.com/OCAP2/web/internal/storage/converter.go:74.68,76.3 1 0
github.com/OCAP2/web/internal/storage/converter.go:78.2,78.12 1 1
github.com/OCAP2/web/internal/storage/converter.go:82.75,84.16 2 1
github.com/OCAP2/web/internal/storage/converter.go:84.16,86.3 1 0
github.com/OCAP2/web/internal/storage/converter.go:87.2,94.51 4 1
github.com/OCAP2/web/internal/storage/converter.go:94.51,96.52 1 1
github.com/OCAP2/web/internal/storage/converter.go:96.52,98.4 1 0
github.com/OCAP2/web/internal/storage/converter.go:100.3,100.43 1 1
github.com/OCAP2/web/internal/storage/converter.go:100.43,102.18 2 1
github.com/OCAP2/web/internal/storage/converter.go:102.18,104.5 1 0
github.com/OCAP2/web/internal/storage/converter.go:105.4,106.15 2 1
github.com/OCAP2/web/internal/storage/converter.go:110.2,111.62 2 1
github.com/OCAP2/web/internal/storage/converter.go:111.62,113.3 1 0
github.com/OCAP2/web/internal/storage/converter.go:115.2,115.18 1 1
github.com/OCAP2/web/internal/storage/converter.go:120.51,121.11 1 0
github.com/OCAP2/web/internal/storage/converter.go:122.14,123.42 1 0
github.com/OCAP2/web/internal/storage/converter.go:124.17,125.45 1 0
github.com/OCAP2/web/internal/storage/converter.go:126.10,127.45 1 0
github.com/OCAP2/web/internal/storage/converter.go:131.39,132.11 1 0
github.com/OCAP2/web/internal/storage/converter.go:133.14,134.29 1 0
github.com/OCAP2/web/internal/storage/converter.go:135.14,136.29 1 0
github.com/OCAP2/web/internal/storage/converter.go:137.29,138.29 1 0
github.com/OCAP2/web/internal/storage/converter.go:139.25,140.28 1 0
github.com/OCAP2/web/internal/storage/converter.go:141.16,142.31 1 0
github.com/OCAP2/web/internal/storage/converter.go:143.10,144.32 1 0
github.com/OCAP2/web/internal/storage/converter.go:150.41,151.13 1 0
github.com/OCAP2/web/internal/storage/converter.go:152.9,153.29 1 0
github.com/OCAP2/web/internal/storage/converter.go:154.9,155.29 1 0
github.com/OCAP2/web/internal/storage/converter.go:156.9,157.29 1 0
github.com/OCAP2/web/internal/storage/converter.go:158.9,159.28 1 0
github.com/OCAP2/web/internal/storage/converter.go:160.10,161.31 1 0
github.com/OCAP2/web/internal/storage/converter.go:162.10,163.32 1 0
github.com/OCAP2/web/internal/storage/converter.go:167.39,168.30 1 1
github.com/OCAP2/web/internal/storage/converter.go:168.30,170.3 1 1
github.com/OCAP2/web/internal/storage/converter.go:171.2,171.10 1 0
github.com/OCAP2/web/internal/storage/converter.go:174.37,175.29 1 1
github.com/OCAP2/web/internal/storage/converter.go:175.29,177.3 1 1
github.com/OCAP2/web/internal/storage/converter.go:178.2,178.11 1 0
github.com/OCAP2/web/internal/storage/engine.go:109.31,111.2 1 1
github.com/OCAP2/web/internal/storage/engine.go:114.45,115.32 1 1
github.com/OCAP2/web/internal/storage/engine.go:115.32,117.3 1 1
github.com/OCAP2/web/internal/storage/engine.go:118.2,118.60 1 1
github.com/OCAP2/web/internal/storage/engine.go:122.29,124.28 2 0
github.com/OCAP2/web/internal/storage/engine.go:124.28,126.3 1 0
github.com/OCAP2/web/internal/storage/engine.go:127.2,127.14 1 0
github.com/OCAP2/web/internal/storage/flatbuffers.go:22.62,24.2 1 1
github.com/OCAP2/web/internal/storage/flatbuffers.go:27.43,29.2 1 1
github.com/OCAP2/web/internal/storage/flatbuffers.go:32.54,34.2 1 0
github.com/OCAP2/web/internal/storage/flatbuffers.go:37.98,40.16 3 1
github.com/OCAP2/web/internal/storage/flatbuffers.go:40.16,42.3 1 1
github.com/OCAP2/web/internal/storage/flatbuffers.go:43.2,46.16 3 0
github.com/OCAP2/web/internal/storage/flatbuffers.go:46.16,48.3 1 0
github.com/OCAP2/web/internal/storage/flatbuffers.go:50.2,51.43 2 0
github.com/OCAP2/web/internal/storage/flatbuffers.go:55.108,58.2 2 0
github.com/OCAP2/web/internal/storage/flatbuffers.go:61.108,64.16 3 0
github.com/OCAP2/web/internal/storage/flatbuffers.go:64.16,66.3 1 0
github.com/OCAP2/web/internal/storage/flatbuffers.go:67.2,70.16 3 0
github.com/OCAP2/web/internal/storage/flatbuffers.go:70.16,72.3 1 0
github.com/OCAP2/web/internal/storage/flatbuffers.go:74.2,75.37 2 0
github.com/OCAP2/web/internal/storage/flatbuffers.go:79.121,82.2 2 0
github.com/OCAP2/web/internal/storage/flatbuffers.go:85.91,87.16 2 0
github.com/OCAP2/web/internal/storage/flatbuffers.go:87.16,89.3 1 0
github.com/OCAP2/web/internal/storage/flatbuffers.go:90.2,90.38 1 0
github.com/OCAP2/web/internal/storage/flatbuffers.go:96.80,99.16 2 0
github.com/OCAP2/web/internal/storage/flatbuffers.go:99.16,101.3 1 0
github.com/OCAP2/web/internal/storage/flatbuffers.go:104.2,104.38 1 0
github.com/OCAP2/web/internal/storage/flatbuffers.go:104.38,106.3 1 0
github.com/OCAP2/web/internal/storage/flatbuffers.go:125.2,127.23 2 0
github.com/OCAP2/web/internal/storage/flatbuffers.go:127.23,130.3 1 0
github.com/OCAP2/web/internal/storage/flatbuffers.go:133.2,135.16 3 0
github.com/OCAP2/web/internal/storage/flatbuffers.go:135.16,138.3 1 0
github.com/OCAP2/web/internal/storage/flatbuffers.go:141.2,141.17 1 0
github.com/OCAP2/web/internal/storage/flatbuffers.go:142.23,144.42 1 0
github.com/OCAP2/web/internal/storage/flatbuffers.go:145.28,147.22 1 0
github.com/OCAP2/web/internal/storage/flatbuffers.go:148.10,150.80 1 0
github.com/OCAP2/web/internal/storage/flatbuffers.go:155.93,158.2 2 1
github.com/OCAP2/web/internal/storage/flatbuffers.go:161.75,173.44 2 0
github.com/OCAP2/web/internal/storage/flatbuffers.go:173.44,175.28 2 0
github.com/OCAP2/web/internal/storage/flatbuffers.go:175.28,188.4 1 0
github.com/OCAP2/web/internal/storage/flatbuffers.go:192.2,192.42 1 0
github.com/OCAP2/web/internal/storage/flatbuffers.go:192.42,194.26 2 0
github.com/OCAP2/web/internal/storage/flatbuffers.go:194.26,204.4 1 0
github.com/OCAP2/web/internal/storage/flatbuffers.go:207.2,207.17 1 0
github.com/OCAP2/web/internal/storage/flatbuffers.go:211.66,218.42 2 0
github.com/OCAP2/web/internal/storage/flatbuffers.go:218.42,220.28 2 0
github.com/OCAP2/web/internal/storage/flatbuffers.go:220.28,225.48 2 0
github.com/OCAP2/web/internal/storage/flatbuffers.go:225.48,227.34 2 0
github.com/OCAP2/web/internal/storage/flatbuffers.go:227.34,240.49 2 0
github.com/OCAP2/web/internal/storage/flatbuffers.go:240.49,242.7 1 0
github.com/OCAP2/web/internal/storage/flatbuffers.go:244.6,244.41 1 0
github.com/OCAP2/web/internal/storage/flatbuffers.go:248.4,248.42 1 0
github.com/OCAP2/web/internal/storage/flatbuffers.go:252.2,252.14 1 0
github.com/OCAP2/web/internal/storage/flatbuffers.go:257.53,258.11 1 0
github.com/OCAP2/web/internal/storage/flatbuffers.go:259.27,260.16 1 0
github.com/OCAP2/web/internal/storage/flatbuffers.go:261.30,262.19 1 0
github.com/OCAP2/web/internal/storage/flatbuffers.go:263.10,264.19 1 0
github.com/OCAP2/web/internal/storage/flatbuffers.go:268.53,269.11 1 0
github.com/OCAP2/web/internal/storage/flatbuffers.go:270.14,271.29 1 0
github.com/OCAP2/web/internal/storage/flatbuffers.go:272.17,273.32 1 0
github.com/OCAP2/web/internal/storage/flatbuffers.go:274.10,275.32 1 0
github.com/OCAP2/web/internal/storage/flatbuffers.go:279.41,280.11 1 0
github.com/OCAP2/web/internal/storage/flatbuffers.go:281.21,282.16 1 0
github.com/OCAP2/web/internal/storage/flatbuffers.go:283.21,284.16 1 0
github.com/OCAP2/web/internal/storage/flatbuffers.go:285.21,286.16 1 0
github.com/OCAP2/web/internal/storage/flatbuffers.go:287.20,288.15 1 0
github.com/OCAP2/web/internal/storage/flatbuffers.go:289.23,290.18 1 0
github.com/OCAP2/web/internal/storage/flatbuffers.go:291.10,292.19 1 0
github.com/OCAP2/web/internal/storage/flatbuffers.go:296.41,297.11 1 0
github.com/OCAP2/web/internal/storage/flatbuffers.go:298.14,299.23 1 0
github.com/OCAP2/web/internal/storage/flatbuffers.go:300.14,301.23 1 0
github.com/OCAP2/web/internal/storage/flatbuffers.go:302.29,303.23 1 0
github.com/OCAP2/web/internal/storage/flatbuffers.go:304.25,305.22 1 0
github.com/OCAP2/web/internal/storage/flatbuffers.go:306.16,307.25 1 0
github.com/OCAP2/web/internal/storage/flatbuffers.go:308.10,309.26 1 0
github.com/OCAP2/web/internal/storage/json.go:20.48,22.2 1 0
github.com/OCAP2/web/internal/storage/json.go:24.47,24.64 1 0
github.com/OCAP2/web/internal/storage/json.go:25.47,25.63 1 0
github.com/OCAP2/web/internal/storage/json.go:27.91,29.16 2 0
github.com/OCAP2/web/internal/storage/json.go:29.16,31.3 1 0
github.com/OCAP2/web/internal/storage/json.go:33.2,44.58 2 0
github.com/OCAP2/web/internal/storage/json.go:44.58,45.32 1 0
github.com/OCAP2/web/internal/storage/json.go:45.32,46.50 1 0
github.com/OCAP2/web/internal/storage/json.go:46.50,57.27 2 0
github.com/OCAP2/web/internal/storage/json.go:57.27,59.6 1 0
github.com/OCAP2/web/internal/storage/json.go:60.5,60.55 1 0
github.com/OCAP2/web/internal/storage/json.go:65.2,65.22 1 0
github.com/OCAP2/web/internal/storage/json.go:68.101,70.2 1 0
github.com/OCAP2/web/internal/storage/json.go:72.101,74.2 1 0
github.com/OCAP2/web/internal/storage/json.go:76.114,78.2 1 0
github.com/OCAP2/web/internal/storage/json.go:80.84,82.2 1 0
github.com/OCAP2/web/internal/storage/json.go:84.86,86.2 1 0
github.com/OCAP2/web/internal/storage/json.go:88.80,91.41 2 0
github.com/OCAP2/web/internal/storage/json.go:91.41,93.3 1 0
github.com/OCAP2/web/internal/storage/json.go:96.2,97.41 2 0
github.com/OCAP2/web/internal/storage/json.go:97.41,99.3 1 0
github.com/OCAP2/web/internal/storage/json.go:101.2,101.61 1 0
github.com/OCAP2/web/internal/storage/json.go:104.80,106.16 2 0
github.com/OCAP2/web/internal/storage/json.go:106.16,108.3 1 0
github.com/OCAP2/web/internal/storage/json.go:109.2,112.16 3 0
github.com/OCAP2/web/internal/storage/json.go:112.16,114.3 1 0
github.com/OCAP2/web/internal/storage/json.go:115.2,118.58 3 0
github.com/OCAP2/web/internal/storage/json.go:118.58,120.3 1 0
github.com/OCAP2/web/internal/storage/json.go:121.2,121.18 1 0
github.com/OCAP2/web/internal/storage/json.go:124.81,126.16 2 0
github.com/OCAP2/web/internal/storage/json.go:126.16,128.3 1 0
github.com/OCAP2/web/internal/storage/json.go:129.2,132.57 3 0
github.com/OCAP2/web/internal/storage/json.go:132.57,134.3 1 0
github.com/OCAP2/web/internal/storage/json.go:135.2,135.18 1 0
github.com/OCAP2/web/internal/storage/json.go:139.61,140.34 1 1
github.com/OCAP2/web/internal/storage/json.go:140.34,142.3 1 1
github.com/OCAP2/web/internal/storage/json.go:143.2,143.11 1 1
github.com/OCAP2/web/internal/storage/json.go:146.63,147.35 1 1
github.com/OCAP2/web/internal/storage/json.go:147.35,149.3 1 1
github.com/OCAP2/web/internal/storage/json.go:150.2,150.10 1 0
github.com/OCAP2/web/internal/storage/json.go:153.61,155.2 1 1
github.com/OCAP2/web/internal/storage/parser.go:96.31,98.2 1 1
github.com/OCAP2/web/internal/storage/parser.go:101.52,102.29 1 1
github.com/OCAP2/web/internal/storage/parser.go:102.29,104.3 1 1
github.com/OCAP2/web/internal/storage/parser.go:105.2,105.69 1 0
github.com/OCAP2/web/internal/storage/parser_v1.go:4.13,6.2 1 1
github.com/OCAP2/web/internal/storage/parser_v1.go:12.47,14.2 1 1
github.com/OCAP2/web/internal/storage/parser_v1.go:17.95,29.58 2 1
github.com/OCAP2/web/internal/storage/parser_v1.go:29.58,30.32 1 1
github.com/OCAP2/web/internal/storage/parser_v1.go:30.32,32.11 2 1
github.com/OCAP2/web/internal/storage/parser_v1.go:32.11,33.13 1 0
github.com/OCAP2/web/internal/storage/parser_v1.go:36.4,56.27 7 1
github.com/OCAP2/web/internal/storage/parser_v1.go:56.27,58.5 1 1
github.com/OCAP2/web/internal/storage/parser_v1.go:63.2,63.54 1 1
github.com/OCAP2/web/internal/storage/parser_v1.go:63.54,64.30 1 1
github.com/OCAP2/web/internal/storage/parser_v1.go:64.30,66.30 2 0
github.com/OCAP2/web/internal/storage/parser_v1.go:66.30,67.13 1 0
github.com/OCAP2/web/internal/storage/parser_v1.go:70.4,71.20 2 0
github.com/OCAP2/web/internal/storage/parser_v1.go:71.20,73.5 1 0
github.com/OCAP2/web/internal/storage/parser_v1.go:78.2,78.56 1 1
github.com/OCAP2/web/internal/storage/parser_v1.go:78.56,79.29 1 0
github.com/OCAP2/web/internal/storage/parser_v1.go:79.29,81.11 2 0
github.com/OCAP2/web/internal/storage/parser_v1.go:81.11,82.13 1 0
github.com/OCAP2/web/internal/storage/parser_v1.go:85.4,86.21 2 0
github.com/OCAP2/web/internal/storage/parser_v1.go:86.21,88.5 1 0
github.com/OCAP2/web/internal/storage/parser_v1.go:93.2,93.52 1 1
github.com/OCAP2/web/internal/storage/parser_v1.go:93.52,94.27 1 1
github.com/OCAP2/web/internal/storage/parser_v1.go:94.27,96.11 2 0
github.com/OCAP2/web/internal/storage/parser_v1.go:96.11,97.13 1 0
github.com/OCAP2/web/internal/storage/parser_v1.go:100.4,107.51 2 0
github.com/OCAP2/web/internal/storage/parser_v1.go:111.2,111.20 1 1
github.com/OCAP2/web/internal/storage/parser_v1.go:115.91,116.58 1 1
github.com/OCAP2/web/internal/storage/parser_v1.go:116.58,118.3 1 1
github.com/OCAP2/web/internal/storage/parser_v1.go:119.2,119.19 1 0
github.com/OCAP2/web/internal/storage/parser_v1.go:123.60,124.21 1 0
github.com/OCAP2/web/internal/storage/parser_v1.go:124.21,126.3 1 0
github.com/OCAP2/web/internal/storage/parser_v1.go:128.2,134.63 2 0
github.com/OCAP2/web/internal/storage/parser_v1.go:134.63,135.22 1 0
github.com/OCAP2/web/internal/storage/parser_v1.go:135.22,137.4 1 0
github.com/OCAP2/web/internal/storage/parser_v1.go:138.3,138.15 1 0
github.com/OCAP2/web/internal/storage/parser_v1.go:146.2,147.21 2 0
github.com/OCAP2/web/internal/storage/parser_v1.go:147.21,149.3 1 0
github.com/OCAP2/web/internal/storage/parser_v1.go:151.2,151.26 1 0
github.com/OCAP2/web/internal/storage/parser_v1.go:151.26,153.22 1 0
github.com/OCAP2/web/internal/storage/parser_v1.go:153.22,155.4 1 0
github.com/OCAP2/web/internal/storage/parser_v1.go:156.3,156.22 1 0
github.com/OCAP2/web/internal/storage/parser_v1.go:156.22,157.54 1 0
github.com/OCAP2/web/internal/storage/parser_v1.go:157.54,158.27 1 0
github.com/OCAP2/web/internal/storage/parser_v1.go:158.27,160.6 1 0
github.com/OCAP2/web/internal/storage/parser_v1.go:161.5,161.27 1 0
github.com/OCAP2/web/internal/storage/parser_v1.go:161.27,163.6 1 0
github.com/OCAP2/web/internal/storage/parser_v1.go:166.3,166.22 1 0
github.com/OCAP2/web/internal/storage/parser_v1.go:166.22,167.40 1 0
github.com/OCAP2/web/internal/storage/parser_v1.go:167.40,169.5 1 0
github.com/OCAP2/web/internal/storage/parser_v1.go:171.8,173.22 1 0
github.com/OCAP2/web/internal/storage/parser_v1.go:173.22,175.4 1 0
github.com/OCAP2/web/internal/storage/parser_v1.go:176.3,176.22 1 0
github.com/OCAP2/web/internal/storage/parser_v1.go:176.22,178.4 1 0
github.com/OCAP2/web/internal/storage/parser_v1.go:179.3,179.22 1 0
github.com/OCAP2/web/internal/storage/parser_v1.go:179.22,181.33 1 0
github.com/OCAP2/web/internal/storage/parser_v1.go:182.16,183.54 1 0
github.com/OCAP2/web/internal/storage/parser_v1.go:183.54,185.6 1 0
github.com/OCAP2/web/internal/storage/parser_v1.go:185.11,187.6 1 0
github.com/OCAP2/web/internal/storage/parser_v1.go:188.17,189.32 1 0
github.com/OCAP2/web/internal/storage/parser_v1.go:192.3,192.22 1 0
github.com/OCAP2/web/internal/storage/parser_v1.go:192.22,193.40 1 0
github.com/OCAP2/web/internal/storage/parser_v1.go:193.40,195.5 1 0
github.com/OCAP2/web/internal/storage/parser_v1.go:199.2,199.14 1 0
github.com/OCAP2/web/internal/storage/parser_v1.go:203.68,205.24 1 0
github.com/OCAP2/web/internal/storage/parser_v1.go:205.24,207.3 1 0
github.com/OCAP2/web/internal/storage/parser_v1.go:209.2,220.24 2 0
github.com/OCAP2/web/internal/storage/parser_v1.go:220.24,221.56 1 0
github.com/OCAP2/web/internal/storage/parser_v1.go:221.56,222.34 1 0
github.com/OCAP2/web/internal/storage/parser_v1.go:222.34,224.18 2 0
github.com/OCAP2/web/internal/storage/parser_v1.go:224.18,226.6 1 0
github.com/OCAP2/web/internal/storage/parser_v1.go:232.2,232.24 1 0
github.com/OCAP2/web/internal/storage/parser_v1.go:232.24,233.54 1 0
github.com/OCAP2/web/internal/storage/parser_v1.go:233.54,234.30 1 0
github.com/OCAP2/web/internal/storage/parser_v1.go:234.30,236.5 1 0
github.com/OCAP2/web/internal/storage/parser_v1.go:241.2,241.24 1 0
github.com/OCAP2/web/internal/storage/parser_v1.go:241.24,243.3 1 0
github.com/OCAP2/web/internal/storage/parser_v1.go:246.2,246.25 1 0
github.com/OCAP2/web/internal/storage/parser_v1.go:246.25,248.3 1 0
github.com/OCAP2/web/internal/storage/parser_v1.go:250.2,250.15 1 0
github.com/OCAP2/web/internal/storage/parser_v1.go:254.73,260.26 2 0
github.com/OCAP2/web/internal/storage/parser_v1.go:260.26,262.3 1 0
github.com/OCAP2/web/internal/storage/parser_v1.go:264.2,267.18 2 0
github.com/OCAP2/web/internal/storage/parser_v1.go:267.18,268.47 1 0
github.com/OCAP2/web/internal/storage/parser_v1.go:268.47,271.24 2 0
github.com/OCAP2/web/internal/storage/parser_v1.go:271.24,274.24 3 0
github.com/OCAP2/web/internal/storage/parser_v1.go:274.24,276.6 1 0
github.com/OCAP2/web/internal/storage/parser_v1.go:278.4,278.20 1 0
github.com/OCAP2/web/internal/storage/parser_v1.go:278.20,280.5 1 0
github.com/OCAP2/web/internal/storage/parser_v1.go:281.4,281.20 1 0
github.com/OCAP2/web/internal/storage/parser_v1.go:281.20,283.5 1 0
github.com/OCAP2/web/internal/storage/parser_v1.go:284.4,284.13 1 0
github.com/OCAP2/web/internal/storage/parser_v1.go:289.2,289.46 1 0
github.com/OCAP2/web/internal/storage/parser_v1.go:289.46,291.23 1 0
github.com/OCAP2/web/internal/storage/parser_v1.go:291.23,294.23 3 0
github.com/OCAP2/web/internal/storage/parser_v1.go:294.23,296.5 1 0
github.com/OCAP2/web/internal/storage/parser_v1.go:298.3,298.19 1 0
github.com/OCAP2/web/internal/storage/parser_v1.go:298.19,300.4 1 0
github.com/OCAP2/web/internal/storage/parser_v1.go:301.3,301.19 1 0
github.com/OCAP2/web/internal/storage/parser_v1.go:301.19,303.4 1 0
github.com/OCAP2/web/internal/storage/parser_v1.go:304.3,304.19 1 0
github.com/OCAP2/web/internal/storage/parser_v1.go:304.19,306.4 1 0
github.com/OCAP2/web/internal/storage/parser_v1.go:307.8,309.20 1 0
github.com/OCAP2/web/internal/storage/parser_v1.go:309.20,312.20 3 0
github.com/OCAP2/web/internal/storage/parser_v1.go:312.20,314.5 1 0
github.com/OCAP2/web/internal/storage/parser_v1.go:318.2,318.11 1 0
github.com/OCAP2/web/internal/storage/parser_v1.go:322.145,324.9 2 1
github.com/OCAP2/web/internal/storage/parser_v1.go:324.9,326.3 1 0
github.com/OCAP2/web/internal/storage/parser_v1.go:328.2,333.36 2 1
github.com/OCAP2/web/internal/storage/parser_v1.go:333.36,335.29 2 1
github.com/OCAP2/web/internal/storage/parser_v1.go:335.29,336.12 1 0
github.com/OCAP2/web/internal/storage/parser_v1.go:339.3,344.70 2 1
github.com/OCAP2/web/internal/storage/parser_v1.go:344.70,347.4 2 1
github.com/OCAP2/web/internal/storage/parser_v1.go:350.3,350.22 1 1
github.com/OCAP2/web/internal/storage/parser_v1.go:350.22,352.4 1 1
github.com/OCAP2/web/internal/storage/parser_v1.go:355.3,355.22 1 1
github.com/OCAP2/web/internal/storage/parser_v1.go:355.22,357.4 1 1
github.com/OCAP2/web/internal/storage/parser_v1.go:360.3,360.27 1 1
github.com/OCAP2/web/internal/storage/parser_v1.go:360.27,362.23 1 1
github.com/OCAP2/web/internal/storage/parser_v1.go:362.23,365.14 2 1
github.com/OCAP2/web/internal/storage/parser_v1.go:365.14,368.6 2 0
github.com/OCAP2/web/internal/storage/parser_v1.go:368.11,368.22 1 1
github.com/OCAP2/web/internal/storage/parser_v1.go:368.22,370.6 1 0
github.com/OCAP2/web/internal/storage/parser_v1.go:372.4,372.23 1 1
github.com/OCAP2/web/internal/storage/parser_v1.go:372.23,374.5 1 1
github.com/OCAP2/web/internal/storage/parser_v1.go:375.4,375.23 1 1
github.com/OCAP2/web/internal/storage/parser_v1.go:375.23,377.5 1 1
github.com/OCAP2/web/internal/storage/parser_v1.go:378.9,378.37 1 0
github.com/OCAP2/web/internal/storage/parser_v1.go:378.37,380.23 1 0
github.com/OCAP2/web/internal/storage/parser_v1.go:380.23,381.53 1 0
github.com/OCAP2/web/internal/storage/parser_v1.go:381.53,382.35 1 0
github.com/OCAP2/web/internal/storage/parser_v1.go:382.35,384.7 1 0
github.com/OCAP2/web/internal/storage/parser_v1.go:389.3,389.47 1 1
github.com/OCAP2/web/internal/storage/parser_v1.go:392.2,392.13 1 1
github.com/OCAP2/web/internal/storage/parser_v1.go:397.40,398.13 1 0
github.com/OCAP2/web/internal/storage/parser_v1.go:399.9,400.16 1 0
github.com/OCAP2/web/internal/storage/parser_v1.go:401.9,402.16 1 0
github.com/OCAP2/web/internal/storage/parser_v1.go:403.9,404.16 1 0
github.com/OCAP2/web/internal/storage/parser_v1.go:405.9,406.15 1 0
github.com/OCAP2/web/internal/storage/parser_v1.go:407.10,408.18 1 0
github.com/OCAP2/web/internal/storage/parser_v1.go:409.10,410.12 1 0
github.com/OCAP2/web/internal/storage/protobuf.go:26.56,28.2 1 1
github.com/OCAP2/web/internal/storage/protobuf.go:30.51,30.72 1 1
github.com/OCAP2/web/internal/storage/protobuf.go:31.51,31.66 1 0
github.com/OCAP2/web/internal/storage/protobuf.go:33.95,36.16 3 1
github.com/OCAP2/web/internal/storage/protobuf.go:36.16,38.3 1 1
github.com/OCAP2/web/internal/storage/protobuf.go:39.2,42.16 3 0
github.com/OCAP2/web/internal/storage/protobuf.go:42.16,44.3 1 0
github.com/OCAP2/web/internal/storage/protobuf.go:46.2,47.59 2 0
github.com/OCAP2/web/internal/storage/protobuf.go:47.59,49.3 1 0
github.com/OCAP2/web/internal/storage/protobuf.go:52.2,62.42 2 0
github.com/OCAP2/web/internal/storage/protobuf.go:62.42,75.3 1 0
github.com/OCAP2/web/internal/storage/protobuf.go:77.2,77.22 1 0
github.com/OCAP2/web/internal/storage/protobuf.go:80.105,83.2 2 0
github.com/OCAP2/web/internal/storage/protobuf.go:85.105,88.16 3 0
github.com/OCAP2/web/internal/storage/protobuf.go:88.16,90.3 1 0
github.com/OCAP2/web/internal/storage/protobuf.go:91.2,94.16 3 0
github.com/OCAP2/web/internal/storage/protobuf.go:94.16,96.3 1 0
github.com/OCAP2/web/internal/storage/protobuf.go:98.2,99.56 2 0
github.com/OCAP2/web/internal/storage/protobuf.go:99.56,101.3 1 0
github.com/OCAP2/web/internal/storage/protobuf.go:103.2,109.35 2 0
github.com/OCAP2/web/internal/storage/protobuf.go:109.35,111.33 2 0
github.com/OCAP2/web/internal/storage/protobuf.go:111.33,124.4 1 0
github.com/OCAP2/web/internal/storage/protobuf.go:125.3,125.45 1 0
github.com/OCAP2/web/internal/storage/protobuf.go:128.2,128.19 1 0
github.com/OCAP2/web/internal/storage/protobuf.go:131.118,134.2 2 0
github.com/OCAP2/web/internal/storage/protobuf.go:136.88,139.16 3 0
github.com/OCAP2/web/internal/storage/protobuf.go:139.16,141.3 1 0
github.com/OCAP2/web/internal/storage/protobuf.go:142.2,145.16 3 0
github.com/OCAP2/web/internal/storage/protobuf.go:145.16,147.3 1 0
github.com/OCAP2/web/internal/storage/protobuf.go:149.2,150.57 2 0
github.com/OCAP2/web/internal/storage/protobuf.go:150.57,152.3 1 0
github.com/OCAP2/web/internal/storage/protobuf.go:154.2,154.38 1 0
github.com/OCAP2/web/internal/storage/protobuf.go:160.77,163.16 2 0
github.com/OCAP2/web/internal/storage/protobuf.go:163.16,165.3 1 0
github.com/OCAP2/web/internal/storage/protobuf.go:168.2,168.38 1 0
github.com/OCAP2/web/internal/storage/protobuf.go:168.38,170.3 1 0
github.com/OCAP2/web/internal/storage/protobuf.go:186.2,188.23 2 0
github.com/OCAP2/web/internal/storage/protobuf.go:188.23,191.3 1 0
github.com/OCAP2/web/internal/storage/protobuf.go:194.2,196.16 3 0
github.com/OCAP2/web/internal/storage/protobuf.go:196.16,199.3 1 0
github.com/OCAP2/web/internal/storage/protobuf.go:202.2,202.17 1 0
github.com/OCAP2/web/internal/storage/protobuf.go:203.23,205.42 1 0
github.com/OCAP2/web/internal/storage/protobuf.go:206.28,208.22 1 0
github.com/OCAP2/web/internal/storage/protobuf.go:209.10,211.77 1 0
github.com/OCAP2/web/internal/storage/protobuf.go:215.90,218.2 2 1
github.com/OCAP2/web/internal/storage/protobuf.go:220.51,221.11 1 0
github.com/OCAP2/web/internal/storage/protobuf.go:222.40,223.16 1 0
github.com/OCAP2/web/internal/storage/protobuf.go:224.43,225.19 1 0
github.com/OCAP2/web/internal/storage/protobuf.go:226.10,227.19 1 0
github.com/OCAP2/web/internal/storage/protobuf.go:231.39,232.11 1 0
github.com/OCAP2/web/internal/storage/protobuf.go:233.27,234.16 1 0
github.com/OCAP2/web/internal/storage/protobuf.go:235.27,236.16 1 0
github.com/OCAP2/web/internal/storage/protobuf.go:237.27,238.16 1 0
github.com/OCAP2/web/internal/storage/protobuf.go:239.26,240.15 1 0
github.com/OCAP2/web/internal/storage/protobuf.go:241.29,242.18 1 0
github.com/OCAP2/web/internal/storage/protobuf.go:243.10,244.19 1 0
github.com/OCAP2/web/internal/storage/version.go:14.40,15.31 1 0
github.com/OCAP2/web/internal/storage/version.go:15.31,17.3 1 0
github.com/OCAP2/web/internal/storage/version.go:18.2,18.30 1 0
github.com/OCAP2/web/internal/storage/version.go:30.43,31.34 1 0
github.com/OCAP2/web/internal/storage/version.go:31.34,33.3 1 0
github.com/OCAP2/web/internal/storage/version.go:34.2,34.30 1 0
github.com/OCAP2/web/internal/storage/version.go:38.75,40.33 2 1
github.com/OCAP2/web/internal/storage/version.go:40.33,41.30 1 1
github.com/OCAP2/web/internal/storage/version.go:41.30,43.4 1 0
github.com/OCAP2/web/internal/storage/version.go:45.2,45.27 1 1
github.com/OCAP2/web/internal/storage/version.go:49.61,50.15 1 1
github.com/OCAP2/web/internal/storage/version.go:51.26,52.25 1 1
github.com/OCAP2/web/internal/storage/version.go:53.10,54.30 1 0
github.com/OCAP2/web/internal/storage/writer.go:22.31,25.2 2 1
github.com/OCAP2/web/internal/storage/writer.go:28.70,30.31 2 1
github.com/OCAP2/web/internal/storage/writer.go:30.31,32.3 1 1
github.com/OCAP2/web/internal/storage/writer.go:33.2,33.72 1 0
github.com/OCAP2/web/internal/storage/writer.go:37.67,39.2 1 1
github.com/OCAP2/web/internal/storage/writer.go:42.60,46.2 3 0
github.com/OCAP2/web/internal/storage/writer_flatbuffers_v1.go:14.13,16.2 1 1
github.com/OCAP2/web/internal/storage/writer_flatbuffers_v1.go:22.55,22.81 1 1
github.com/OCAP2/web/internal/storage/writer_flatbuffers_v1.go:25.47,25.71 1 1
github.com/OCAP2/web/internal/storage/writer_flatbuffers_v1.go:28.112,37.16 5 1
github.com/OCAP2/web/internal/storage/writer_flatbuffers_v1.go:37.16,39.3 1 0
github.com/OCAP2/web/internal/storage/writer_flatbuffers_v1.go:40.2,43.63 2 1
github.com/OCAP2/web/internal/storage/writer_flatbuffers_v1.go:43.63,45.3 1 0
github.com/OCAP2/web/internal/storage/writer_flatbuffers_v1.go:48.2,48.60 1 1
github.com/OCAP2/web/internal/storage/writer_flatbuffers_v1.go:48.60,50.3 1 0
github.com/OCAP2/web/internal/storage/writer_flatbuffers_v1.go:52.2,52.12 1 1
github.com/OCAP2/web/internal/storage/writer_flatbuffers_v1.go:56.110,59.53 2 1
github.com/OCAP2/web/internal/storage/writer_flatbuffers_v1.go:59.53,61.3 1 0
github.com/OCAP2/web/internal/storage/writer_flatbuffers_v1.go:64.2,65.21 2 1
github.com/OCAP2/web/internal/storage/writer_flatbuffers_v1.go:65.21,67.3 1 0
github.com/OCAP2/web/internal/storage/writer_flatbuffers_v1.go:70.2,70.63 1 1
github.com/OCAP2/web/internal/storage/writer_flatbuffers_v1.go:70.63,71.10 1 1
github.com/OCAP2/web/internal/storage/writer_flatbuffers_v1.go:72.21,73.20 1 0
github.com/OCAP2/web/internal/storage/writer_flatbuffers_v1.go:74.11,74.11 0 1
github.com/OCAP2/web/internal/storage/writer_flatbuffers_v1.go:77.3,77.67 1 1
github.com/OCAP2/web/internal/storage/writer_flatbuffers_v1.go:77.67,79.4 1 0
github.com/OCAP2/web/internal/storage/writer_flatbuffers_v1.go:82.2,82.12 1 1
github.com/OCAP2/web/internal/storage/writer_flatbuffers_v1.go:86.116,89.21 2 1
github.com/OCAP2/web/internal/storage/writer_flatbuffers_v1.go:89.21,91.3 1 0
github.com/OCAP2/web/internal/storage/writer_flatbuffers_v1.go:94.2,95.38 2 1
github.com/OCAP2/web/internal/storage/writer_flatbuffers_v1.go:95.38,97.3 1 1
github.com/OCAP2/web/internal/storage/writer_flatbuffers_v1.go:100.2,101.47 2 1
github.com/OCAP2/web/internal/storage/writer_flatbuffers_v1.go:101.47,103.3 1 1
github.com/OCAP2/web/internal/storage/writer_flatbuffers_v1.go:104.2,108.36 3 1
github.com/OCAP2/web/internal/storage/writer_flatbuffers_v1.go:108.36,110.3 1 0
github.com/OCAP2/web/internal/storage/writer_flatbuffers_v1.go:113.2,114.46 2 1
github.com/OCAP2/web/internal/storage/writer_flatbuffers_v1.go:114.46,116.3 1 0
github.com/OCAP2/web/internal/storage/writer_flatbuffers_v1.go:117.2,121.40 3 1
github.com/OCAP2/web/internal/storage/writer_flatbuffers_v1.go:121.40,123.3 1 0
github.com/OCAP2/web/internal/storage/writer_flatbuffers_v1.go:126.2,127.47 2 1
github.com/OCAP2/web/internal/storage/writer_flatbuffers_v1.go:127.47,129.3 1 0
github.com/OCAP2/web/internal/storage/writer_flatbuffers_v1.go:130.2,134.33 3 1
github.com/OCAP2/web/internal/storage/writer_flatbuffers_v1.go:134.33,136.3 1 0
github.com/OCAP2/web/internal/storage/writer_flatbuffers_v1.go:139.2,140.45 2 1
github.com/OCAP2/web/internal/storage/writer_flatbuffers_v1.go:140.45,142.3 1 0
github.com/OCAP2/web/internal/storage/writer_flatbuffers_v1.go:143.2,167.34 20 1
github.com/OCAP2/web/internal/storage/writer_flatbuffers_v1.go:171.109,190.2 16 1
github.com/OCAP2/web/internal/storage/writer_flatbuffers_v1.go:193.101,208.2 12 0
github.com/OCAP2/web/internal/storage/writer_flatbuffers_v1.go:211.106,220.32 7 0
github.com/OCAP2/web/internal/storage/writer_flatbuffers_v1.go:220.32,229.3 8 0
github.com/OCAP2/web/internal/storage/writer_flatbuffers_v1.go:232.2,233.44 2 0
github.com/OCAP2/web/internal/storage/writer_flatbuffers_v1.go:233.44,235.3 1 0
github.com/OCAP2/web/internal/storage/writer_flatbuffers_v1.go:236.2,240.40 3 0
github.com/OCAP2/web/internal/storage/writer_flatbuffers_v1.go:240.40,242.3 1 0
github.com/OCAP2/web/internal/storage/writer_flatbuffers_v1.go:243.2,258.35 14 0
github.com/OCAP2/web/internal/storage/writer_flatbuffers_v1.go:262.111,274.2 9 0
github.com/OCAP2/web/internal/storage/writer_flatbuffers_v1.go:277.104,287.16 6 1
github.com/OCAP2/web/internal/storage/writer_flatbuffers_v1.go:287.16,289.3 1 0
github.com/OCAP2/web/internal/storage/writer_flatbuffers_v1.go:290.2,293.63 2 1
github.com/OCAP2/web/internal/storage/writer_flatbuffers_v1.go:293.63,295.3 1 0
github.com/OCAP2/web/internal/storage/writer_flatbuffers_v1.go:298.2,298.60 1 1
github.com/OCAP2/web/internal/storage/writer_flatbuffers_v1.go:298.60,300.3 1 0
github.com/OCAP2/web/internal/storage/writer_flatbuffers_v1.go:302.2,302.12 1 1
github.com/OCAP2/web/internal/storage/writer_flatbuffers_v1.go:306.133,309.34 3 1
github.com/OCAP2/web/internal/storage/writer_flatbuffers_v1.go:309.34,311.3 1 1
github.com/OCAP2/web/internal/storage/writer_flatbuffers_v1.go:314.2,315.62 2 1
github.com/OCAP2/web/internal/storage/writer_flatbuffers_v1.go:315.62,318.45 2 1
github.com/OCAP2/web/internal/storage/writer_flatbuffers_v1.go:318.45,320.20 2 1
github.com/OCAP2/web/internal/storage/writer_flatbuffers_v1.go:320.20,321.13 1 1
github.com/OCAP2/web/internal/storage/writer_flatbuffers_v1.go:325.4,326.30 2 1
github.com/OCAP2/web/internal/storage/writer_flatbuffers_v1.go:326.30,328.50 2 0
github.com/OCAP2/web/internal/storage/writer_flatbuffers_v1.go:328.50,330.6 1 0
github.com/OCAP2/web/internal/storage/writer_flatbuffers_v1.go:331.5,331.52 1 0
github.com/OCAP2/web/internal/storage/writer_flatbuffers_v1.go:334.4,342.30 8 1
github.com/OCAP2/web/internal/storage/writer_flatbuffers_v1.go:342.30,344.5 1 0
github.com/OCAP2/web/internal/storage/writer_flatbuffers_v1.go:345.4,349.69 5 1
github.com/OCAP2/web/internal/storage/writer_flatbuffers_v1.go:353.3,354.47 2 1
github.com/OCAP2/web/internal/storage/writer_flatbuffers_v1.go:354.47,356.4 1 1
github.com/OCAP2/web/internal/storage/writer_flatbuffers_v1.go:357.3,363.62 5 1
github.com/OCAP2/web/internal/storage/writer_flatbuffers_v1.go:367.2,368.46 2 1
github.com/OCAP2/web/internal/storage/writer_flatbuffers_v1.go:368.46,370.3 1 1
github.com/OCAP2/web/internal/storage/writer_flatbuffers_v1.go:371.2,380.31 7 1
github.com/OCAP2/web/internal/storage/writer_flatbuffers_v1.go:384.110,385.35 1 1
github.com/OCAP2/web/internal/storage/writer_flatbuffers_v1.go:385.35,386.31 1 1
github.com/OCAP2/web/internal/storage/writer_flatbuffers_v1.go:386.31,399.4 1 1
github.com/OCAP2/web/internal/storage/writer_flatbuffers_v1.go:401.2,401.12 1 1
github.com/OCAP2/web/internal/storage/writer_flatbuffers_v1.go:419.78,420.28 1 1
github.com/OCAP2/web/internal/storage/writer_flatbuffers_v1.go:421.14,422.29 1 1
github.com/OCAP2/web/internal/storage/writer_flatbuffers_v1.go:423.17,424.32 1 0
github.com/OCAP2/web/internal/storage/writer_flatbuffers_v1.go:425.10,426.32 1 0
github.com/OCAP2/web/internal/storage/writer_flatbuffers_v1.go:431.66,432.28 1 1
github.com/OCAP2/web/internal/storage/writer_flatbuffers_v1.go:433.14,434.23 1 1
github.com/OCAP2/web/internal/storage/writer_flatbuffers_v1.go:435.14,436.23 1 0
github.com/OCAP2/web/internal/storage/writer_flatbuffers_v1.go:437.29,438.23 1 0
github.com/OCAP2/web/internal/storage/writer_flatbuffers_v1.go:439.25,440.22 1 0
github.com/OCAP2/web/internal/storage/writer_flatbuffers_v1.go:441.16,442.25 1 0
github.com/OCAP2/web/internal/storage/writer_flatbuffers_v1.go:443.10,444.26 1 0
github.com/OCAP2/web/internal/storage/writer_protobuf_v1.go:15.13,17.2 1 1
github.com/OCAP2/web/internal/storage/writer_protobuf_v1.go:23.52,23.78 1 1
github.com/OCAP2/web/internal/storage/writer_protobuf_v1.go:26.44,26.65 1 1
github.com/OCAP2/web/internal/storage/writer_protobuf_v1.go:29.109,35.16 3 1
github.com/OCAP2/web/internal/storage/writer_protobuf_v1.go:35.16,37.3 1 0
github.com/OCAP2/web/internal/storage/writer_protobuf_v1.go:38.2,41.63 2 1
github.com/OCAP2/web/internal/storage/writer_protobuf_v1.go:41.63,43.3 1 0
github.com/OCAP2/web/internal/storage/writer_protobuf_v1.go:46.2,47.16 2 1
github.com/OCAP2/web/internal/storage/writer_protobuf_v1.go:47.16,49.3 1 0
github.com/OCAP2/web/internal/storage/writer_protobuf_v1.go:50.2,50.41 1 1
github.com/OCAP2/web/internal/storage/writer_protobuf_v1.go:50.41,52.3 1 0
github.com/OCAP2/web/internal/storage/writer_protobuf_v1.go:54.2,54.12 1 1
github.com/OCAP2/web/internal/storage/writer_protobuf_v1.go:58.107,61.53 2 1
github.com/OCAP2/web/internal/storage/writer_protobuf_v1.go:61.53,63.3 1 0
github.com/OCAP2/web/internal/storage/writer_protobuf_v1.go:66.2,67.21 2 1
github.com/OCAP2/web/internal/storage/writer_protobuf_v1.go:67.21,69.3 1 0
github.com/OCAP2/web/internal/storage/writer_protobuf_v1.go:72.2,72.63 1 1
github.com/OCAP2/web/internal/storage/writer_protobuf_v1.go:72.63,73.10 1 1
github.com/OCAP2/web/internal/storage/writer_protobuf_v1.go:74.21,75.20 1 0
github.com/OCAP2/web/internal/storage/writer_protobuf_v1.go:76.11,76.11 0 1
github.com/OCAP2/web/internal/storage/writer_protobuf_v1.go:79.3,80.66 2 1
github.com/OCAP2/web/internal/storage/writer_protobuf_v1.go:80.66,82.4 1 0
github.com/OCAP2/web/internal/storage/writer_protobuf_v1.go:85.2,85.12 1 1
github.com/OCAP2/web/internal/storage/writer_protobuf_v1.go:89.80,92.21 2 1
github.com/OCAP2/web/internal/storage/writer_protobuf_v1.go:92.21,94.3 1 0
github.com/OCAP2/web/internal/storage/writer_protobuf_v1.go:96.2,109.36 2 1
github.com/OCAP2/web/internal/storage/writer_protobuf_v1.go:109.36,111.3 1 1
github.com/OCAP2/web/internal/storage/writer_protobuf_v1.go:114.2,114.34 1 1
github.com/OCAP2/web/internal/storage/writer_protobuf_v1.go:114.34,116.3 1 0
github.com/OCAP2/web/internal/storage/writer_protobuf_v1.go:119.2,119.35 1 1
github.com/OCAP2/web/internal/storage/writer_protobuf_v1.go:119.35,121.3 1 0
github.com/OCAP2/web/internal/storage/writer_protobuf_v1.go:124.2,124.33 1 1
github.com/OCAP2/web/internal/storage/writer_protobuf_v1.go:124.33,126.3 1 0
github.com/OCAP2/web/internal/storage/writer_protobuf_v1.go:128.2,128.17 1 1
github.com/OCAP2/web/internal/storage/writer_protobuf_v1.go:132.74,145.2 1 1
github.com/OCAP2/web/internal/storage/writer_protobuf_v1.go:148.62,158.2 1 0
github.com/OCAP2/web/internal/storage/writer_protobuf_v1.go:161.71,176.32 2 0
github.com/OCAP2/web/internal/storage/writer_protobuf_v1.go:176.32,185.3 1 0
github.com/OCAP2/web/internal/storage/writer_protobuf_v1.go:187.2,187.15 1 0
github.com/OCAP2/web/internal/storage/writer_protobuf_v1.go:191.77,199.2 1 0
github.com/OCAP2/web/internal/storage/writer_protobuf_v1.go:202.89,205.34 3 1
github.com/OCAP2/web/internal/storage/writer_protobuf_v1.go:205.34,207.3 1 1
github.com/OCAP2/web/internal/storage/writer_protobuf_v1.go:209.2,216.62 2 1
github.com/OCAP2/web/internal/storage/writer_protobuf_v1.go:216.62,222.45 2 1
github.com/OCAP2/web/internal/storage/writer_protobuf_v1.go:222.45,224.20 2 1
github.com/OCAP2/web/internal/storage/writer_protobuf_v1.go:224.20,226.5 1 1
github.com/OCAP2/web/internal/storage/writer_protobuf_v1.go:229.3,229.45 1 1
github.com/OCAP2/web/internal/storage/writer_protobuf_v1.go:232.2,232.14 1 1
github.com/OCAP2/web/internal/storage/writer_protobuf_v1.go:236.108,238.35 1 1
github.com/OCAP2/web/internal/storage/writer_protobuf_v1.go:238.35,239.31 1 1
github.com/OCAP2/web/internal/storage/writer_protobuf_v1.go:239.31,252.4 1 1
github.com/OCAP2/web/internal/storage/writer_protobuf_v1.go:254.2,254.12 1 1
github.com/OCAP2/web/internal/storage/writer_protobuf_v1.go:258.96,261.16 3 1
github.com/OCAP2/web/internal/storage/writer_protobuf_v1.go:261.16,263.3 1 0
github.com/OCAP2/web/internal/storage/writer_protobuf_v1.go:264.2,267.63 2 1
github.com/OCAP2/web/internal/storage/writer_protobuf_v1.go:267.63,269.3 1 0
github.com/OCAP2/web/internal/storage/writer_protobuf_v1.go:272.2,273.16 2 1
github.com/OCAP2/web/internal/storage/writer_protobuf_v1.go:273.16,275.3 1 0
github.com/OCAP2/web/internal/storage/writer_protobuf_v1.go:276.2,276.41 1 1
github.com/OCAP2/web/internal/storage/writer_protobuf_v1.go:276.41,278.3 1 0
github.com/OCAP2/web/internal/storage/writer_protobuf_v1.go:280.2,280.12 1 1
github.com/OCAP2/web/internal/storage/writer_protobuf_v1.go:284.73,285.28 1 1
github.com/OCAP2/web/internal/storage/writer_protobuf_v1.go:286.14,287.42 1 1
github.com/OCAP2/web/internal/storage/writer_protobuf_v1.go:288.17,289.45 1 0
github.com/OCAP2/web/internal/storage/writer_protobuf_v1.go:290.10,291.45 1 0
github.com/OCAP2/web/internal/storage/writer_protobuf_v1.go:296.61,297.28 1 1
github.com/OCAP2/web/internal/storage/writer_protobuf_v1.go:298.14,299.29 1 1
github.com/OCAP2/web/internal/storage/writer_protobuf_v1.go:300.14,301.29 1 0
github.com/OCAP2/web/internal/storage/writer_protobuf_v1.go:302.29,303.29 1 0
github.com/OCAP2/web/internal/storage/writer_protobuf_v1.go:304.25,305.28 1 0
github.com/OCAP2/web/internal/storage/writer_protobuf_v1.go:306.16,307.31 1 0
github.com/OCAP2/web/internal/storage/writer_protobuf_v1.go:308.10,309.32 1 0
github.com/OCAP2/web/cmd/ocap-webserver/main.go:23.13,24.49 1 0
github.com/OCAP2/web/cmd/ocap-webserver/main.go:24.49,25.49 1 0
github.com/OCAP2/web/cmd/ocap-webserver/main.go:25.49,27.4 1 0
github.com/OCAP2/web/cmd/ocap-webserver/main.go:28.3,28.9 1 0
github.com/OCAP2/web/cmd/ocap-webserver/main.go:31.2,31.30 1 0
github.com/OCAP2/web/cmd/ocap-webserver/main.go:31.30,33.3 1 0
github.com/OCAP2/web/cmd/ocap-webserver/main.go:36.38,46.20 9 0
github.com/OCAP2/web/cmd/ocap-webserver/main.go:46.20,56.3 9 0
github.com/OCAP2/web/cmd/ocap-webserver/main.go:58.2,58.39 1 0
github.com/OCAP2/web/cmd/ocap-webserver/main.go:58.39,60.3 1 0
github.com/OCAP2/web/cmd/ocap-webserver/main.go:62.2,63.16 2 0
github.com/OCAP2/web/cmd/ocap-webserver/main.go:63.16,65.3 1 0
github.com/OCAP2/web/cmd/ocap-webserver/main.go:67.2,68.16 2 0
github.com/OCAP2/web/cmd/ocap-webserver/main.go:68.16,70.3 1 0
github.com/OCAP2/web/cmd/ocap-webserver/main.go:72.2,78.9 4 0
github.com/OCAP2/web/cmd/ocap-webserver/main.go:79.15,80.41 1 0
github.com/OCAP2/web/cmd/ocap-webserver/main.go:82.24,83.17 1 0
github.com/OCAP2/web/cmd/ocap-webserver/main.go:83.17,85.4 1 0
github.com/OCAP2/web/cmd/ocap-webserver/main.go:86.3,86.74 1 0
github.com/OCAP2/web/cmd/ocap-webserver/main.go:86.74,88.4 1 0
github.com/OCAP2/web/cmd/ocap-webserver/main.go:89.3,90.41 2 0
github.com/OCAP2/web/cmd/ocap-webserver/main.go:92.24,93.93 1 0
github.com/OCAP2/web/cmd/ocap-webserver/main.go:95.12,96.69 1 0
github.com/OCAP2/web/cmd/ocap-webserver/main.go:98.10,100.13 2 0
github.com/OCAP2/web/cmd/ocap-webserver/main.go:104.82,106.16 2 0
github.com/OCAP2/web/cmd/ocap-webserver/main.go:106.16,108.3 1 0
github.com/OCAP2/web/cmd/ocap-webserver/main.go:110.2,113.25 3 0
github.com/OCAP2/web/cmd/ocap-webserver/main.go:113.25,115.21 2 0
github.com/OCAP2/web/cmd/ocap-webserver/main.go:115.21,117.4 1 0
github.com/OCAP2/web/cmd/ocap-webserver/main.go:118.3,119.55 1 0
github.com/OCAP2/web/cmd/ocap-webserver/main.go:122.2,122.12 1 0
github.com/OCAP2/web/cmd/ocap-webserver/main.go:125.139,128.49 2 0
github.com/OCAP2/web/cmd/ocap-webserver/main.go:128.49,130.3 1 0
github.com/OCAP2/web/cmd/ocap-webserver/main.go:133.2,133.75 1 0
github.com/OCAP2/web/cmd/ocap-webserver/main.go:133.75,145.68 3 0
github.com/OCAP2/web/cmd/ocap-webserver/main.go:145.68,147.4 1 0
github.com/OCAP2/web/cmd/ocap-webserver/main.go:148.3,149.13 2 0
github.com/OCAP2/web/cmd/ocap-webserver/main.go:153.2,157.16 4 0
github.com/OCAP2/web/cmd/ocap-webserver/main.go:157.16,159.3 1 0
github.com/OCAP2/web/cmd/ocap-webserver/main.go:161.2,161.67 1 0
github.com/OCAP2/web/cmd/ocap-webserver/main.go:161.67,163.3 1 0
github.com/OCAP2/web/cmd/ocap-webserver/main.go:165.2,166.12 2 0
github.com/OCAP2/web/cmd/ocap-webserver/main.go:169.129,171.16 2 0
github.com/OCAP2/web/cmd/ocap-webserver/main.go:171.16,173.3 1 0
github.com/OCAP2/web/cmd/ocap-webserver/main.go:175.2,175.26 1 0
github.com/OCAP2/web/cmd/ocap-webserver/main.go:175.26,178.3 2 0
github.com/OCAP2/web/cmd/ocap-webserver/main.go:180.2,191.32 3 0
github.com/OCAP2/web/cmd/ocap-webserver/main.go:191.32,193.68 2 0
github.com/OCAP2/web/cmd/ocap-webserver/main.go:193.68,197.4 2 0
github.com/OCAP2/web/cmd/ocap-webserver/main.go:201.2,202.40 2 0
github.com/OCAP2/web/cmd/ocap-webserver/main.go:205.18,207.16 2 0
github.com/OCAP2/web/cmd/ocap-webserver/main.go:207.16,209.3 1 0
github.com/OCAP2/web/cmd/ocap-webserver/main.go:212.2,214.20 3 0
github.com/OCAP2/web/cmd/ocap-webserver/main.go:214.20,216.17 2 0
github.com/OCAP2/web/cmd/ocap-webserver/main.go:216.17,218.4 1 0
github.com/OCAP2/web/cmd/ocap-webserver/main.go:219.3,220.46 2 0
github.com/OCAP2/web/cmd/ocap-webserver/main.go:224.2,227.16 3 0
github.com/OCAP2/web/cmd/ocap-webserver/main.go:227.16,229.3 1 0
github.com/OCAP2/web/cmd/ocap-webserver/main.go:231.2,232.16 2 0
github.com/OCAP2/web/cmd/ocap-webserver/main.go:232.16,234.3 1 0
github.com/OCAP2/web/cmd/ocap-webserver/main.go:236.2,237.16 2 0
github.com/OCAP2/web/cmd/ocap-webserver/main.go:237.16,239.3 1 0
github.com/OCAP2/web/cmd/ocap-webserver/main.go:241.2,255.32 8 0
github.com/OCAP2/web/cmd/ocap-webserver/main.go:255.32,257.17 2 0
github.com/OCAP2/web/cmd/ocap-webserver/main.go:257.17,260.4 2 0
github.com/OCAP2/web/cmd/ocap-webserver/main.go:262.3,278.23 3 0
github.com/OCAP2/web/cmd/ocap-webserver/main.go:281.2,284.12 2 0
github.com/OCAP2/web/cmd/ocap-webserver/main.go:284.12,290.3 5 0
github.com/OCAP2/web/cmd/ocap-webserver/main.go:292.2,293.16 2 0
github.com/OCAP2/web/cmd/ocap-webserver/main.go:293.16,295.3 1 0
github.com/OCAP2/web/cmd/ocap-webserver/main.go:297.2,297.12 1 0
github.com/OCAP2/web/cmd/ocap-webserver/main.go:305.101,307.16 2 0
github.com/OCAP2/web/cmd/ocap-webserver/main.go:307.16,309.3 1 0
github.com/OCAP2/web/cmd/ocap-webserver/main.go:310.2,311.25 2 0
github.com/OCAP2/web/cmd/ocap-webserver/main.go:311.25,316.3 1 0
github.com/OCAP2/web/cmd/ocap-webserver/main.go:317.2,317.20 1 0
github.com/OCAP2/web/cmd/ocap-webserver/main.go:320.98,322.2 1 0
github.com/OCAP2/web/cmd/ocap-webserver/main.go:324.95,326.2 1 0
github.com/OCAP2/web/cmd/ocap-webserver/main.go:328.100,330.2 1 0
github.com/OCAP2/web/cmd/ocap-webserver/main.go:332.96,334.2 1 0
github.com/OCAP2/web/cmd/ocap-webserver/main.go:336.106,338.16 2 0
github.com/OCAP2/web/cmd/ocap-webserver/main.go:338.16,340.3 1 0
github.com/OCAP2/web/cmd/ocap-webserver/main.go:341.2,342.25 2 0
github.com/OCAP2/web/cmd/ocap-webserver/main.go:342.25,344.3 1 0
github.com/OCAP2/web/cmd/ocap-webserver/main.go:345.2,345.20 1 0
github.com/OCAP2/web/cmd/ocap-webserver/main.go:348.110,350.2 1 0
github.com/OCAP2/web/internal/conversion/worker.go:54.29,60.2 1 0
github.com/OCAP2/web/internal/conversion/worker.go:63.56,64.23 1 0
github.com/OCAP2/web/internal/conversion/worker.go:64.23,66.3 1 0
github.com/OCAP2/web/internal/conversion/worker.go:67.2,67.24 1 0
github.com/OCAP2/web/internal/conversion/worker.go:67.24,69.3 1 0
github.com/OCAP2/web/internal/conversion/worker.go:70.2,70.29 1 0
github.com/OCAP2/web/internal/conversion/worker.go:70.29,72.3 1 0
github.com/OCAP2/web/internal/conversion/worker.go:74.2,82.3 1 0
github.com/OCAP2/web/internal/conversion/worker.go:87.58,90.16 2 0
github.com/OCAP2/web/internal/conversion/worker.go:90.16,92.3 1 0
github.com/OCAP2/web/internal/conversion/worker.go:92.8,93.26 1 0
github.com/OCAP2/web/internal/conversion/worker.go:93.26,96.74 2 0
github.com/OCAP2/web/internal/conversion/worker.go:96.74,98.5 1 0
github.com/OCAP2/web/internal/conversion/worker.go:98.10,98.25 1 0
github.com/OCAP2/web/internal/conversion/worker.go:98.25,100.5 1 0
github.com/OCAP2/web/internal/conversion/worker.go:102.3,102.91 1 0
github.com/OCAP2/web/internal/conversion/worker.go:102.91,104.4 1 0
github.com/OCAP2/web/internal/conversion/worker.go:104.9,104.23 1 0
github.com/OCAP2/web/internal/conversion/worker.go:104.23,106.4 1 0
github.com/OCAP2/web/internal/conversion/worker.go:110.2,110.19 1 0
github.com/OCAP2/web/internal/conversion/worker.go:110.19,111.87 1 0
github.com/OCAP2/web/internal/conversion/worker.go:111.87,113.4 1 0
github.com/OCAP2/web/internal/conversion/worker.go:113.9,113.23 1 0
github.com/OCAP2/web/internal/conversion/worker.go:113.23,115.4 1 0
github.com/OCAP2/web/internal/conversion/worker.go:120.45,132.6 6 0
github.com/OCAP2/web/internal/conversion/worker.go:132.6,133.10 1 0
github.com/OCAP2/web/internal/conversion/worker.go:134.21,136.10 2 0
github.com/OCAP2/web/internal/conversion/worker.go:137.19,138.22 1 0
github.com/OCAP2/web/internal/conversion/worker.go:144.51,146.16 2 0
github.com/OCAP2/web/internal/conversion/worker.go:146.16,149.3 2 0
github.com/OCAP2/web/internal/conversion/worker.go:151.2,151.25 1 0
github.com/OCAP2/web/internal/conversion/worker.go:151.25,152.10 1 0
github.com/OCAP2/web/internal/conversion/worker.go:153.21,154.10 1 0
github.com/OCAP2/web/internal/conversion/worker.go:155.11,155.11 0 0
github.com/OCAP2/web/internal/conversion/worker.go:158.3,158.53 1 0
github.com/OCAP2/web/internal/conversion/worker.go:158.53,160.78 2 0
github.com/OCAP2/web/internal/conversion/worker.go:160.78,162.5 1 0
github.com/OCAP2/web/internal/conversion/worker.go:168.76,172.80 2 0
github.com/OCAP2/web/internal/conversion/worker.go:172.80,174.3 1 0
github.com/OCAP2/web/internal/conversion/worker.go:177.2,181.53 3 0
github.com/OCAP2/web/internal/conversion/worker.go:181.53,183.3 1 0
github.com/OCAP2/web/internal/conversion/worker.go:186.2,187.16 2 0
github.com/OCAP2/web/internal/conversion/worker.go:187.16,189.3 1 0
github.com/OCAP2/web/internal/conversion/worker.go:192.2,192.66 1 0
github.com/OCAP2/web/internal/conversion/worker.go:192.66,194.3 1 0
github.com/OCAP2/web/internal/conversion/worker.go:197.2,198.16 2 0
github.com/OCAP2/web/internal/conversion/worker.go:198.16,200.3 1 0
github.com/OCAP2/web/internal/conversion/worker.go:200.8,203.83 2 0
github.com/OCAP2/web/internal/conversion/worker.go:203.83,205.4 1 0
github.com/OCAP2/web/internal/conversion/worker.go:209.2,209.80 1 0
github.com/OCAP2/web/internal/conversion/worker.go:209.80,211.3 1 0
github.com/OCAP2/web/internal/conversion/worker.go:212.2,212.79 1 0
github.com/OCAP2/web/internal/conversion/worker.go:212.79,214.3 1 0
github.com/OCAP2/web/internal/conversion/worker.go:216.2,217.12 2 0
github.com/OCAP2/web/internal/conversion/worker.go:221.83,223.2 1 0
github.com/OCAP2/web/internal/conversion/worker.go:228.63,229.12 1 0
github.com/OCAP2/web/internal/conversion/worker.go:229.12,231.88 2 0
github.com/OCAP2/web/internal/conversion/worker.go:231.88,233.75 2 0
github.com/OCAP2/web/internal/conversion/worker.go:233.75,235.5 1 0
github.com/OCAP2/web/internal/server/ammo.go:15.50,21.46 2 0
github.com/OCAP2/web/internal/server/ammo.go:21.46,23.3 1 0
github.com/OCAP2/web/internal/server/ammo.go:25.2,25.15 1 0
github.com/OCAP2/web/internal/server/ammo.go:28.78,34.9 5 0
github.com/OCAP2/web/internal/server/ammo.go:34.9,36.3 1 0
github.com/OCAP2/web/internal/server/ammo.go:38.2,38.19 1 0
github.com/OCAP2/web/internal/server/handler.go:53.69,54.26 1 0
github.com/OCAP2/web/internal/server/handler.go:54.26,56.3 1 0
github.com/OCAP2/web/internal/server/handler.go:66.3,80.27 5 0
github.com/OCAP2/web/internal/server/handler.go:80.27,82.3 1 0
github.com/OCAP2/web/internal/server/handler.go:84.2,157.3 18 0
github.com/OCAP2/web/internal/server/handler.go:160.74,162.28 2 0
github.com/OCAP2/web/internal/server/handler.go:162.28,164.3 1 0
github.com/OCAP2/web/internal/server/handler.go:164.8,166.3 1 0
github.com/OCAP2/web/internal/server/handler.go:167.2,167.54 1 0
github.com/OCAP2/web/internal/server/handler.go:167.54,168.37 1 0
github.com/OCAP2/web/internal/server/handler.go:168.37,171.4 2 0
github.com/OCAP2/web/internal/server/handler.go:175.72,176.36 1 0
github.com/OCAP2/web/internal/server/handler.go:176.36,178.17 2 0
github.com/OCAP2/web/internal/server/handler.go:178.17,179.16 1 0
github.com/OCAP2/web/internal/server/handler.go:180.37,181.44 1 0
github.com/OCAP2/web/internal/server/handler.go:182.12,183.15 1 0
github.com/OCAP2/web/internal/server/handler.go:186.3,186.13 1 0
github.com/OCAP2/web/internal/server/handler.go:190.55,196.40 2 0
github.com/OCAP2/web/internal/server/handler.go:196.40,198.3 1 0
github.com/OCAP2/web/internal/server/handler.go:200.2,201.16 2 0
github.com/OCAP2/web/internal/server/handler.go:201.16,203.3 1 0
github.com/OCAP2/web/internal/server/handler.go:205.2,205.47 1 0
github.com/OCAP2/web/internal/server/handler.go:208.54,210.2 1 0
github.com/OCAP2/web/internal/server/handler.go:212.52,222.2 1 0
github.com/OCAP2/web/internal/server/handler.go:224.54,226.2 1 0
github.com/OCAP2/web/internal/server/handler.go:228.60,232.16 3 0
github.com/OCAP2/web/internal/server/handler.go:232.16,234.3 1 0
github.com/OCAP2/web/internal/server/handler.go:237.2,238.18 2 0
github.com/OCAP2/web/internal/server/handler.go:238.18,240.3 1 0
github.com/OCAP2/web/internal/server/handler.go:242.2,243.16 2 0
github.com/OCAP2/web/internal/server/handler.go:243.16,247.3 2 0
github.com/OCAP2/web/internal/server/handler.go:249.2,253.24 3 0
github.com/OCAP2/web/internal/server/handler.go:253.24,255.3 1 0
github.com/OCAP2/web/internal/server/handler.go:257.2,262.4 1 0
github.com/OCAP2/web/internal/server/handler.go:265.62,269.16 3 0
github.com/OCAP2/web/internal/server/handler.go:269.16,271.3 1 0
github.com/OCAP2/web/internal/server/handler.go:274.2,275.18 2 0
github.com/OCAP2/web/internal/server/handler.go:275.18,277.3 1 0
github.com/OCAP2/web/internal/server/handler.go:279.2,280.16 2 0
github.com/OCAP2/web/internal/server/handler.go:280.16,284.3 2 0
[...]
github.com/OCAP2/web/internal/storage/parser_v1.go:333.36,335.29 2 1
github.com/OCAP2/web/internal/storage/parser_v1.go:335.29,336.12 1 0
github.com/OCAP2/web/internal/storage/parser_v1.go:339.3,344.70 2 1
github.com/OCAP2/web/internal/storage/parser_v1.go:344.70,347.4 2 1
github.com/OCAP2/web/internal/storage/parser_v1.go:350.3,350.22 1 1
github.com/OCAP2/web/internal/storage/parser_v1.go:350.22,352.4 1 1
github.com/OCAP2/web/internal/storage/parser_v1.go:355.3,355.22 1 1
github.com/OCAP2/web/internal/storage/parser_v1.go:355.22,357.4 1 1
github.com/OCAP2/web/internal/storage/parser_v1.go:360.3,360.27 1 1
github.com/OCAP2/web/internal/storage/parser_v1.go:360.27,362.23 1 1
github.com/OCAP2/web/internal/storage/parser_v1.go:362.23,365.14 2 1
github.com/OCAP2/web/internal/storage/parser_v1.go:365.14,368.6 2 0
github.com/OCAP2/web/internal/storage/parser_v1.go:368.11,368.22 1 1
github.com/OCAP2/web/internal/storage/parser_v1.go:368.22,370.6 1 0
github.com/OCAP2/web/internal/storage/parser_v1.go:372.4,372.23 1 1
github.com/OCAP2/web/internal/storage/parser_v1.go:372.23,374.5 1 1
github.com/OCAP2/web/internal/storage/parser_v1.go:375.4,375.23 1 1
github.com/OCAP2/web/internal/storage/parser_v1.go:375.23,377.5 1 1
github.com/OCAP2/web/internal/storage/parser_v1.go:378.9,378.37 1 1
github.com/OCAP2/web/internal/storage/parser_v1.go:378.37,380.23 1 1
github.com/OCAP2/web/internal/storage/parser_v1.go:380.23,381.53 1 1
github.com/OCAP2/web/internal/storage/parser_v1.go:381.53,382.35 1 1
github.com/OCAP2/web/internal/storage/parser_v1.go:382.35,384.7 1 1
github.com/OCAP2/web/internal/storage/parser_v1.go:389.3,389.47 1 1
github.com/OCAP2/web/internal/storage/parser_v1.go:392.2,392.13 1 1
github.com/OCAP2/web/internal/storage/parser_v1.go:397.40,398.13 1 0
github.com/OCAP2/web/internal/storage/parser_v1.go:399.9,400.16 1 0
github.com/OCAP2/web/internal/storage/parser_v1.go:401.9,402.16 1 0
github.com/OCAP2/web/internal/storage/parser_v1.go:403.9,404.16 1 0
github.com/OCAP2/web/internal/storage/parser_v1.go:405.9,406.15 1 0
github.com/OCAP2/web/internal/storage/parser_v1.go:407.10,408.18 1 0
github.com/OCAP2/web/internal/storage/parser_v1.go:409.10,410.12 1 0
github.com/OCAP2/web/internal/storage/protobuf.go:26.56,28.2 1 1
github.com/OCAP2/web/internal/storage/protobuf.go:30.51,30.72 1 1
github.com/OCAP2/web/internal/storage/protobuf.go:31.51,31.66 1 1
github.com/OCAP2/web/internal/storage/protobuf.go:33.95,36.16 3 0
github.com/OCAP2/web/internal/storage/protobuf.go:36.16,38.3 1 0
github.com/OCAP2/web/internal/storage/protobuf.go:39.2,42.16 3 0
github.com/OCAP2/web/internal/storage/protobuf.go:42.16,44.3 1 0
github.com/OCAP2/web/internal/storage/protobuf.go:46.2,47.59 2 0
github.com/OCAP2/web/internal/storage/protobuf.go:47.59,49.3 1 0
github.com/OCAP2/web/internal/storage/protobuf.go:52.2,62.42 2 0
github.com/OCAP2/web/internal/storage/protobuf.go:62.42,75.3 1 0
github.com/OCAP2/web/internal/storage/protobuf.go:77.2,77.22 1 0
github.com/OCAP2/web/internal/storage/protobuf.go:80.105,83.2 2 1
github.com/OCAP2/web/internal/storage/protobuf.go:85.105,88.16 3 0
github.com/OCAP2/web/internal/storage/protobuf.go:88.16,90.3 1 0
github.com/OCAP2/web/internal/storage/protobuf.go:91.2,94.16 3 0
github.com/OCAP2/web/internal/storage/protobuf.go:94.16,96.3 1 0
github.com/OCAP2/web/internal/storage/protobuf.go:98.2,99.56 2 0
github.com/OCAP2/web/internal/storage/protobuf.go:99.56,101.3 1 0
github.com/OCAP2/web/internal/storage/protobuf.go:103.2,109.35 2 0
github.com/OCAP2/web/internal/storage/protobuf.go:109.35,111.33 2 0
github.com/OCAP2/web/internal/storage/protobuf.go:111.33,124.4 1 0
github.com/OCAP2/web/internal/storage/protobuf.go:125.3,125.45 1 0
github.com/OCAP2/web/internal/storage/protobuf.go:128.2,128.19 1 0
github.com/OCAP2/web/internal/storage/protobuf.go:131.118,134.2 2 1
github.com/OCAP2/web/internal/storage/protobuf.go:136.88,139.16 3 1
github.com/OCAP2/web/internal/storage/protobuf.go:139.16,141.3 1 1
github.com/OCAP2/web/internal/storage/protobuf.go:142.2,145.16 3 1
github.com/OCAP2/web/internal/storage/protobuf.go:145.16,147.3 1 0
github.com/OCAP2/web/internal/storage/protobuf.go:149.2,150.57 2 1
github.com/OCAP2/web/internal/storage/protobuf.go:150.57,152.3 1 0
github.com/OCAP2/web/internal/storage/protobuf.go:154.2,154.38 1 1
github.com/OCAP2/web/internal/storage/protobuf.go:160.77,163.16 2 1
github.com/OCAP2/web/internal/storage/protobuf.go:163.16,165.3 1 0
github.com/OCAP2/web/internal/storage/protobuf.go:168.2,168.38 1 1
github.com/OCAP2/web/internal/storage/protobuf.go:168.38,170.3 1 0
github.com/OCAP2/web/internal/storage/protobuf.go:186.2,188.23 2 1
github.com/OCAP2/web/internal/storage/protobuf.go:188.23,191.3 1 0
github.com/OCAP2/web/internal/storage/protobuf.go:194.2,196.16 3 1
github.com/OCAP2/web/internal/storage/protobuf.go:196.16,199.3 1 0
github.com/OCAP2/web/internal/storage/protobuf.go:202.2,202.17 1 1
github.com/OCAP2/web/internal/storage/protobuf.go:203.23,205.42 1 1
github.com/OCAP2/web/internal/storage/protobuf.go:206.28,208.22 1 0
github.com/OCAP2/web/internal/storage/protobuf.go:209.10,211.77 1 0
github.com/OCAP2/web/internal/storage/protobuf.go:215.90,218.2 2 0
github.com/OCAP2/web/internal/storage/protobuf.go:220.51,221.11 1 0
github.com/OCAP2/web/internal/storage/protobuf.go:222.40,223.16 1 0
github.com/OCAP2/web/internal/storage/protobuf.go:224.43,225.19 1 0
github.com/OCAP2/web/internal/storage/protobuf.go:226.10,227.19 1 0
github.com/OCAP2/web/internal/storage/protobuf.go:231.39,232.11 1 0
github.com/OCAP2/web/internal/storage/protobuf.go:233.27,234.16 1 0
github.com/OCAP2/web/internal/storage/protobuf.go:235.27,236.16 1 0
github.com/OCAP2/web/internal/storage/protobuf.go:237.27,238.16 1 0
github.com/OCAP2/web/internal/storage/protobuf.go:239.26,240.15 1 0
github.com/OCAP2/web/internal/storage/protobuf.go:241.29,242.18 1 0
github.com/OCAP2/web/internal/storage/protobuf.go:243.10,244.19 1 0
github.com/OCAP2/web/internal/storage/version.go:14.40,15.31 1 0
github.com/OCAP2/web/internal/storage/version.go:15.31,17.3 1 0
github.com/OCAP2/web/internal/storage/version.go:18.2,18.30 1 0
github.com/OCAP2/web/internal/storage/version.go:30.43,31.34 1 0
github.com/OCAP2/web/internal/storage/version.go:31.34,33.3 1 0
github.com/OCAP2/web/internal/storage/version.go:34.2,34.30 1 0
github.com/OCAP2/web/internal/storage/version.go:38.75,40.33 2 1
github.com/OCAP2/web/internal/storage/version.go:40.33,41.30 1 1
github.com/OCAP2/web/internal/storage/version.go:41.30,43.4 1 0
github.com/OCAP2/web/internal/storage/version.go:45.2,45.27 1 1
github.com/OCAP2/web/internal/storage/version.go:49.61,50.15 1 1
github.com/OCAP2/web/internal/storage/version.go:51.26,52.25 1 1
github.com/OCAP2/web/internal/storage/version.go:53.10,54.30 1 0
github.com/OCAP2/web/internal/storage/writer.go:22.31,25.2 2 1
github.com/OCAP2/web/internal/storage/writer.go:28.70,30.31 2 1
github.com/OCAP2/web/internal/storage/writer.go:30.31,32.3 1 1
github.com/OCAP2/web/internal/storage/writer.go:33.2,33.72 1 0
github.com/OCAP2/web/internal/storage/writer.go:37.67,39.2 1 1
github.com/OCAP2/web/internal/storage/writer.go:42.60,46.2 3 1
github.com/OCAP2/web/internal/storage/writer_flatbuffers_v1.go:14.13,16.2 1 1
github.com/OCAP2/web/internal/storage/writer_flatbuffers_v1.go:22.55,22.81 1 1
github.com/OCAP2/web/internal/storage/writer_flatbuffers_v1.go:25.47,25.71 1 1
github.com/OCAP2/web/internal/storage/writer_flatbuffers_v1.go:28.112,37.16 5 0
github.com/OCAP2/web/internal/storage/writer_flatbuffers_v1.go:37.16,39.3 1 0
github.com/OCAP2/web/internal/storage/writer_flatbuffers_v1.go:40.2,43.63 2 0
github.com/OCAP2/web/internal/storage/writer_flatbuffers_v1.go:43.63,45.3 1 0
github.com/OCAP2/web/internal/storage/writer_flatbuffers_v1.go:48.2,48.60 1 0
github.com/OCAP2/web/internal/storage/writer_flatbuffers_v1.go:48.60,50.3 1 0
github.com/OCAP2/web/internal/storage/writer_flatbuffers_v1.go:52.2,52.12 1 0
github.com/OCAP2/web/internal/storage/writer_flatbuffers_v1.go:56.110,59.53 2 0
github.com/OCAP2/web/internal/storage/writer_flatbuffers_v1.go:59.53,61.3 1 0
github.com/OCAP2/web/internal/storage/writer_flatbuffers_v1.go:64.2,65.21 2 0
github.com/OCAP2/web/internal/storage/writer_flatbuffers_v1.go:65.21,67.3 1 0
github.com/OCAP2/web/internal/storage/writer_flatbuffers_v1.go:70.2,70.63 1 0
github.com/OCAP2/web/internal/storage/writer_flatbuffers_v1.go:70.63,71.10 1 0
github.com/OCAP2/web/internal/storage/writer_flatbuffers_v1.go:72.21,73.20 1 0
github.com/OCAP2/web/internal/storage/writer_flatbuffers_v1.go:74.11,74.11 0 0
github.com/OCAP2/web/internal/storage/writer_flatbuffers_v1.go:77.3,77.67 1 0
github.com/OCAP2/web/internal/storage/writer_flatbuffers_v1.go:77.67,79.4 1 0
github.com/OCAP2/web/internal/storage/writer_flatbuffers_v1.go:82.2,82.12 1 0
github.com/OCAP2/web/internal/storage/writer_flatbuffers_v1.go:86.116,89.21 2 0
github.com/OCAP2/web/internal/storage/writer_flatbuffers_v1.go:89.21,91.3 1 0
github.com/OCAP2/web/internal/storage/writer_flatbuffers_v1.go:94.2,95.38 2 0
github.com/OCAP2/web/internal/storage/writer_flatbuffers_v1.go:95.38,97.3 1 0
github.com/OCAP2/web/internal/storage/writer_flatbuffers_v1.go:100.2,101.47 2 0
github.com/OCAP2/web/internal/storage/writer_flatbuffers_v1.go:101.47,103.3 1 0
github.com/OCAP2/web/internal/storage/writer_flatbuffers_v1.go:104.2,108.36 3 0
github.com/OCAP2/web/internal/storage/writer_flatbuffers_v1.go:108.36,110.3 1 0
github.com/OCAP2/web/internal/storage/writer_flatbuffers_v1.go:113.2,114.46 2 0
github.com/OCAP2/web/internal/storage/writer_flatbuffers_v1.go:114.46,116.3 1 0
github.com/OCAP2/web/internal/storage/writer_flatbuffers_v1.go:117.2,121.40 3 0
github.com/OCAP2/web/internal/storage/writer_flatbuffers_v1.go:121.40,123.3 1 0
github.com/OCAP2/web/internal/storage/writer_flatbuffers_v1.go:126.2,127.47 2 0
github.com/OCAP2/web/internal/storage/writer_flatbuffers_v1.go:127.47,129.3 1 0
github.com/OCAP2/web/internal/storage/writer_flatbuffers_v1.go:130.2,134.33 3 0
github.com/OCAP2/web/internal/storage/writer_flatbuffers_v1.go:134.33,136.3 1 0
github.com/OCAP2/web/internal/storage/writer_flatbuffers_v1.go:139.2,140.45 2 0
github.com/OCAP2/web/internal/storage/writer_flatbuffers_v1.go:140.45,142.3 1 0
github.com/OCAP2/web/internal/storage/writer_flatbuffers_v1.go:143.2,167.34 20 0
github.com/OCAP2/web/internal/storage/writer_flatbuffers_v1.go:171.109,190.2 16 0
github.com/OCAP2/web/internal/storage/writer_flatbuffers_v1.go:193.101,208.2 12 0
github.com/OCAP2/web/internal/storage/writer_flatbuffers_v1.go:211.106,220.32 7 0
github.com/OCAP2/web/internal/storage/writer_flatbuffers_v1.go:220.32,229.3 8 0
github.com/OCAP2/web/internal/storage/writer_flatbuffers_v1.go:232.2,233.44 2 0
github.com/OCAP2/web/internal/storage/writer_flatbuffers_v1.go:233.44,235.3 1 0
github.com/OCAP2/web/internal/storage/writer_flatbuffers_v1.go:236.2,240.40 3 0
github.com/OCAP2/web/internal/storage/writer_flatbuffers_v1.go:240.40,242.3 1 0
github.com/OCAP2/web/internal/storage/writer_flatbuffers_v1.go:243.2,258.35 14 0
github.com/OCAP2/web/internal/storage/writer_flatbuffers_v1.go:262.111,274.2 9 0
github.com/OCAP2/web/internal/storage/writer_flatbuffers_v1.go:277.104,287.16 6 0
github.com/OCAP2/web/internal/storage/writer_flatbuffers_v1.go:287.16,289.3 1 0
github.com/OCAP2/web/internal/storage/writer_flatbuffers_v1.go:290.2,293.63 2 0
github.com/OCAP2/web/internal/storage/writer_flatbuffers_v1.go:293.63,295.3 1 0
github.com/OCAP2/web/internal/storage/writer_flatbuffers_v1.go:298.2,298.60 1 0
github.com/OCAP2/web/internal/storage/writer_flatbuffers_v1.go:298.60,300.3 1 0
github.com/OCAP2/web/internal/storage/writer_flatbuffers_v1.go:302.2,302.12 1 0
github.com/OCAP2/web/internal/storage/writer_flatbuffers_v1.go:306.133,309.34 3 0
github.com/OCAP2/web/internal/storage/writer_flatbuffers_v1.go:309.34,311.3 1 0
github.com/OCAP2/web/internal/storage/writer_flatbuffers_v1.go:314.2,315.62 2 0
github.com/OCAP2/web/internal/storage/writer_flatbuffers_v1.go:315.62,318.45 2 0
github.com/OCAP2/web/internal/storage/writer_flatbuffers_v1.go:318.45,320.20 2 0
github.com/OCAP2/web/internal/storage/writer_flatbuffers_v1.go:320.20,321.13 1 0
github.com/OCAP2/web/internal/storage/writer_flatbuffers_v1.go:325.4,326.30 2 0
github.com/OCAP2/web/internal/storage/writer_flatbuffers_v1.go:326.30,328.50 2 0
github.com/OCAP2/web/internal/storage/writer_flatbuffers_v1.go:328.50,330.6 1 0
github.com/OCAP2/web/internal/storage/writer_flatbuffers_v1.go:331.5,331.52 1 0
github.com/OCAP2/web/internal/storage/writer_flatbuffers_v1.go:334.4,342.30 8 0
github.com/OCAP2/web/internal/storage/writer_flatbuffers_v1.go:342.30,344.5 1 0
github.com/OCAP2/web/internal/storage/writer_flatbuffers_v1.go:345.4,349.69 5 0
github.com/OCAP2/web/internal/storage/writer_flatbuffers_v1.go:353.3,354.47 2 0
github.com/OCAP2/web/internal/storage/writer_flatbuffers_v1.go:354.47,356.4 1 0
github.com/OCAP2/web/internal/storage/writer_flatbuffers_v1.go:357.3,363.62 5 0
github.com/OCAP2/web/internal/storage/writer_flatbuffers_v1.go:367.2,368.46 2 0
github.com/OCAP2/web/internal/storage/writer_flatbuffers_v1.go:368.46,370.3 1 0
github.com/OCAP2/web/internal/storage/writer_flatbuffers_v1.go:371.2,380.31 7 0
github.com/OCAP2/web/internal/storage/writer_flatbuffers_v1.go:384.110,385.35 1 0
github.com/OCAP2/web/internal/storage/writer_flatbuffers_v1.go:385.35,386.31 1 0
github.com/OCAP2/web/internal/storage/writer_flatbuffers_v1.go:386.31,399.4 1 0
github.com/OCAP2/web/internal/storage/writer_flatbuffers_v1.go:401.2,401.12 1 0
github.com/OCAP2/web/internal/storage/writer_flatbuffers_v1.go:419.78,420.28 1 0
github.com/OCAP2/web/internal/storage/writer_flatbuffers_v1.go:421.14,422.29 1 0
github.com/OCAP2/web/internal/storage/writer_flatbuffers_v1.go:423.17,424.32 1 0
github.com/OCAP2/web/internal/storage/writer_flatbuffers_v1.go:425.10,426.32 1 0
github.com/OCAP2/web/internal/storage/writer_flatbuffers_v1.go:431.66,432.28 1 0
github.com/OCAP2/web/internal/storage/writer_flatbuffers_v1.go:433.14,434.23 1 0
github.com/OCAP2/web/internal/storage/writer_flatbuffers_v1.go:435.14,436.23 1 0
github.com/OCAP2/web/internal/storage/writer_flatbuffers_v1.go:437.29,438.23 1 0
github.com/OCAP2/web/internal/storage/writer_flatbuffers_v1.go:439.25,440.22 1 0
github.com/OCAP2/web/internal/storage/writer_flatbuffers_v1.go:441.16,442.25 1 0
github.com/OCAP2/web/internal/storage/writer_flatbuffers_v1.go:443.10,444.26 1 0
github.com/OCAP2/web/internal/storage/writer_protobuf_v1.go:15.13,17.2 1 1
github.com/OCAP2/web/internal/storage/writer_protobuf_v1.go:23.52,23.78 1 1
github.com/OCAP2/web/internal/storage/writer_protobuf_v1.go:26.44,26.65 1 1
github.com/OCAP2/web/internal/storage/writer_protobuf_v1.go:29.109,35.16 3 1
github.com/OCAP2/web/internal/storage/writer_protobuf_v1.go:35.16,37.3 1 0
github.com/OCAP2/web/internal/storage/writer_protobuf_v1.go:38.2,41.63 2 1
github.com/OCAP2/web/internal/storage/writer_protobuf_v1.go:41.63,43.3 1 0
github.com/OCAP2/web/internal/storage/writer_protobuf_v1.go:46.2,47.16 2 1
github.com/OCAP2/web/internal/storage/writer_protobuf_v1.go:47.16,49.3 1 0
github.com/OCAP2/web/internal/storage/writer_protobuf_v1.go:50.2,50.41 1 1
github.com/OCAP2/web/internal/storage/writer_protobuf_v1.go:50.41,52.3 1 0
github.com/OCAP2/web/internal/storage/writer_protobuf_v1.go:54.2,54.12 1 1
github.com/OCAP2/web/internal/storage/writer_protobuf_v1.go:58.107,61.53 2 1
github.com/OCAP2/web/internal/storage/writer_protobuf_v1.go:61.53,63.3 1 0
github.com/OCAP2/web/internal/storage/writer_protobuf_v1.go:66.2,67.21 2 1
github.com/OCAP2/web/internal/storage/writer_protobuf_v1.go:67.21,69.3 1 0
github.com/OCAP2/web/internal/storage/writer_protobuf_v1.go:72.2,72.63 1 1
github.com/OCAP2/web/internal/storage/writer_protobuf_v1.go:72.63,73.10 1 1
github.com/OCAP2/web/internal/storage/writer_protobuf_v1.go:74.21,75.20 1 0
github.com/OCAP2/web/internal/storage/writer_protobuf_v1.go:76.11,76.11 0 1
github.com/OCAP2/web/internal/storage/writer_protobuf_v1.go:79.3,80.66 2 1
github.com/OCAP2/web/internal/storage/writer_protobuf_v1.go:80.66,82.4 1 0
github.com/OCAP2/web/internal/storage/writer_protobuf_v1.go:85.2,85.12 1 1
github.com/OCAP2/web/internal/storage/writer_protobuf_v1.go:89.80,92.21 2 1
github.com/OCAP2/web/internal/storage/writer_protobuf_v1.go:92.21,94.3 1 0
github.com/OCAP2/web/internal/storage/writer_protobuf_v1.go:96.2,109.36 2 1
github.com/OCAP2/web/internal/storage/writer_protobuf_v1.go:109.36,111.3 1 1
github.com/OCAP2/web/internal/storage/writer_protobuf_v1.go:114.2,114.34 1 1
github.com/OCAP2/web/internal/storage/writer_protobuf_v1.go:114.34,116.3 1 1
github.com/OCAP2/web/internal/storage/writer_protobuf_v1.go:119.2,119.35 1 1
github.com/OCAP2/web/internal/storage/writer_protobuf_v1.go:119.35,121.3 1 0
github.com/OCAP2/web/internal/storage/writer_protobuf_v1.go:124.2,124.33 1 1
github.com/OCAP2/web/internal/storage/writer_protobuf_v1.go:124.33,126.3 1 0
github.com/OCAP2/web/internal/storage/writer_protobuf_v1.go:128.2,128.17 1 1
github.com/OCAP2/web/internal/storage/writer_protobuf_v1.go:132.74,145.2 1 1
github.com/OCAP2/web/internal/storage/writer_protobuf_v1.go:148.62,158.2 1 1
github.com/OCAP2/web/internal/storage/writer_protobuf_v1.go:161.71,176.32 2 0
github.com/OCAP2/web/internal/storage/writer_protobuf_v1.go:176.32,185.3 1 0
github.com/OCAP2/web/internal/storage/writer_protobuf_v1.go:187.2,187.15 1 0
github.com/OCAP2/web/internal/storage/writer_protobuf_v1.go:191.77,199.2 1 0
github.com/OCAP2/web/internal/storage/writer_protobuf_v1.go:202.89,205.34 3 1
github.com/OCAP2/web/internal/storage/writer_protobuf_v1.go:205.34,207.3 1 0
github.com/OCAP2/web/internal/storage/writer_protobuf_v1.go:209.2,216.62 2 1
github.com/OCAP2/web/internal/storage/writer_protobuf_v1.go:216.62,222.45 2 1
github.com/OCAP2/web/internal/storage/writer_protobuf_v1.go:222.45,224.20 2 1
github.com/OCAP2/web/internal/storage/writer_protobuf_v1.go:224.20,226.5 1 1
github.com/OCAP2/web/internal/storage/writer_protobuf_v1.go:229.3,229.45 1 1
github.com/OCAP2/web/internal/storage/writer_protobuf_v1.go:232.2,232.14 1 1
github.com/OCAP2/web/internal/storage/writer_protobuf_v1.go:236.108,238.35 1 1
github.com/OCAP2/web/internal/storage/writer_protobuf_v1.go:238.35,239.31 1 1
github.com/OCAP2/web/internal/storage/writer_protobuf_v1.go:239.31,252.4 1 1
github.com/OCAP2/web/internal/storage/writer_protobuf_v1.go:254.2,254.12 1 0
github.com/OCAP2/web/internal/storage/writer_protobuf_v1.go:258.96,261.16 3 1
github.com/OCAP2/web/internal/storage/writer_protobuf_v1.go:261.16,263.3 1 0
github.com/OCAP2/web/internal/storage/writer_protobuf_v1.go:264.2,267.63 2 1
github.com/OCAP2/web/internal/storage/writer_protobuf_v1.go:267.63,269.3 1 0
github.com/OCAP2/web/internal/storage/writer_protobuf_v1.go:272.2,273.16 2 1
github.com/OCAP2/web/internal/storage/writer_protobuf_v1.go:273.16,275.3 1 0
github.com/OCAP2/web/internal/storage/writer_protobuf_v1.go:276.2,276.41 1 1
github.com/OCAP2/web/internal/storage/writer_protobuf_v1.go:276.41,278.3 1 0
github.com/OCAP2/web/internal/storage/writer_protobuf_v1.go:280.2,280.12 1 1
github.com/OCAP2/web/internal/storage/writer_protobuf_v1.go:284.73,285.28 1 1
github.com/OCAP2/web/internal/storage/writer_protobuf_v1.go:286.14,287.42 1 1
github.com/OCAP2/web/internal/storage/writer_protobuf_v1.go:288.17,289.45 1 1
github.com/OCAP2/web/internal/storage/writer_protobuf_v1.go:290.10,291.45 1 0
github.com/OCAP2/web/internal/storage/writer_protobuf_v1.go:296.61,297.28 1 1
github.com/OCAP2/web/internal/storage/writer_protobuf_v1.go:298.14,299.29 1 1
github.com/OCAP2/web/internal/storage/writer_protobuf_v1.go:300.14,301.29 1 0
github.com/OCAP2/web/internal/storage/writer_protobuf_v1.go:302.29,303.29 1 0
github.com/OCAP2/web/internal/storage/writer_protobuf_v1.go:304.25,305.28 1 0
github.com/OCAP2/web/internal/storage/writer_protobuf_v1.go:306.16,307.31 1 0
github.com/OCAP2/web/internal/storage/writer_protobuf_v1.go:308.10,309.32 1 1
